Mplus VERSION 7
MUTHEN & MUTHEN
04/26/2020   3:57 PM

INPUT INSTRUCTIONS

  title: Hui Project;

  data: file is Hui Project.dat;

  variable:
  names are
  educ q9  q20 q23 q24
  q4  q44 q45 q46 q47
  q1 q2a q2b
  q30a  q30b  q30e  q30f
  q2c q30c  q30d  q30g
  q37
  sex q43;

  Usevariables are
  educ q9  q20 q23 q24
  q4  q44 q45 q46 q47
  q1 q2a q2b
  q30a  q30b  q30e  q30f
  q2c q30c  q30d  q30g
  q37;


  MISSING ARE all (-99);

  analysis: type=general;

  model:

  EDU by educ q9  q20 q23 q24;
  GENDER by q4  q44 q45 q46 q47;
  PREDISPO by q1 q2a q2b;
  EXPECTAT by q30a  q30b  q30e  q30f;
  SATISFAC by q2c q30c  q30d  q30g;
  PAY by q37@1;q37@0;

  output:
  sampstat modindices standardized ;







INPUT READING TERMINATED NORMALLY



Hui Project;

SUMMARY OF ANALYSIS

Number of groups                                                 1
Number of observations                                        2002

Number of dependent variables                                   22
Number of independent variables                                  0
Number of continuous latent variables                            6

Observed dependent variables

  Continuous
   EDUC        Q9          Q20         Q23         Q24         Q4
   Q44         Q45         Q46         Q47         Q1          Q2A
   Q2B         Q30A        Q30B        Q30E        Q30F        Q2C
   Q30C        Q30D        Q30G        Q37

Continuous latent variables
   EDU         GENDER      PREDISPO    EXPECTAT    SATISFAC    PAY


Estimator                                                       ML
Information matrix                                        OBSERVED
Maximum number of iterations                                  1000
Convergence criterion                                    0.500D-04
Maximum number of steepest descent iterations                   20
Maximum number of iterations for H1                           2000
Convergence criterion for H1                             0.100D-03

Input data file(s)
  Hui Project.dat

Input data format  FREE


SUMMARY OF DATA

     Number of missing data patterns            17


COVARIANCE COVERAGE OF DATA

Minimum covariance coverage value   0.100


     PROPORTION OF DATA PRESENT


           Covariance Coverage
              EDUC          Q9            Q20           Q23           Q24
              ________      ________      ________      ________      ________
 EDUC           1.000
 Q9             0.461         0.461
 Q20            1.000         0.461         1.000
 Q23            0.674         0.349         0.674         0.674
 Q24            0.592         0.315         0.592         0.592         0.592
 Q4             1.000         0.461         1.000         0.674         0.592
 Q44            1.000         0.461         1.000         0.674         0.592
 Q45            1.000         0.461         1.000         0.674         0.592
 Q46            0.650         0.347         0.650         0.513         0.460
 Q47            0.650         0.347         0.650         0.513         0.460
 Q1             1.000         0.461         1.000         0.674         0.592
 Q2A            1.000         0.461         1.000         0.674         0.592
 Q2B            1.000         0.461         1.000         0.674         0.592
 Q30A           0.874         0.411         0.874         0.650         0.569
 Q30B           0.874         0.411         0.874         0.650         0.569
 Q30E           0.874         0.411         0.874         0.650         0.569
 Q30F           0.874         0.411         0.874         0.650         0.569
 Q2C            1.000         0.461         1.000         0.674         0.592
 Q30C           0.874         0.411         0.874         0.650         0.569
 Q30D           0.874         0.411         0.874         0.650         0.569
 Q30G           0.874         0.411         0.874         0.650         0.569
 Q37            0.650         0.347         0.650         0.513         0.460


           Covariance Coverage
              Q4            Q44           Q45           Q46           Q47
              ________      ________      ________      ________      ________
 Q4             1.000
 Q44            1.000         1.000
 Q45            1.000         1.000         1.000
 Q46            0.650         0.650         0.650         0.650
 Q47            0.650         0.650         0.650         0.650         0.650
 Q1             1.000         1.000         1.000         0.650         0.650
 Q2A            1.000         1.000         1.000         0.650         0.650
 Q2B            1.000         1.000         1.000         0.650         0.650
 Q30A           0.874         0.874         0.874         0.650         0.650
 Q30B           0.874         0.874         0.874         0.650         0.650
 Q30E           0.874         0.874         0.874         0.650         0.650
 Q30F           0.874         0.874         0.874         0.650         0.650
 Q2C            1.000         1.000         1.000         0.650         0.650
 Q30C           0.874         0.874         0.874         0.650         0.650
 Q30D           0.874         0.874         0.874         0.650         0.650
 Q30G           0.874         0.874         0.874         0.650         0.650
 Q37            0.650         0.650         0.650         0.650         0.650


           Covariance Coverage
              Q1            Q2A           Q2B           Q30A          Q30B
              ________      ________      ________      ________      ________
 Q1             1.000
 Q2A            1.000         1.000
 Q2B            1.000         1.000         1.000
 Q30A           0.874         0.874         0.874         0.874
 Q30B           0.874         0.874         0.874         0.874         0.874
 Q30E           0.874         0.874         0.874         0.874         0.874
 Q30F           0.874         0.874         0.874         0.874         0.874
 Q2C            1.000         1.000         1.000         0.874         0.874
 Q30C           0.874         0.874         0.874         0.874         0.874
 Q30D           0.874         0.874         0.874         0.874         0.874
 Q30G           0.874         0.874         0.874         0.874         0.874
 Q37            0.650         0.650         0.650         0.650         0.650


           Covariance Coverage
              Q30E          Q30F          Q2C           Q30C          Q30D
              ________      ________      ________      ________      ________
 Q30E           0.874
 Q30F           0.874         0.874
 Q2C            0.874         0.874         1.000
 Q30C           0.874         0.874         0.874         0.874
 Q30D           0.874         0.874         0.874         0.874         0.874
 Q30G           0.874         0.874         0.874         0.874         0.874
 Q37            0.650         0.650         0.650         0.650         0.650


           Covariance Coverage
              Q30G          Q37
              ________      ________
 Q30G           0.874
 Q37            0.650         0.650


SAMPLE STATISTICS


     ESTIMATED SAMPLE STATISTICS


           Means
              EDUC          Q9            Q20           Q23           Q24
              ________      ________      ________      ________      ________
      1         4.772         1.418         1.901         2.943         2.304


           Means
              Q4            Q44           Q45           Q46           Q47
              ________      ________      ________      ________      ________
      1         2.505         2.299         2.118         3.077         2.811


           Means
              Q1            Q2A           Q2B           Q30A          Q30B
              ________      ________      ________      ________      ________
      1         1.943         1.505         2.322         2.430         1.857


           Means
              Q30E          Q30F          Q2C           Q30C          Q30D
              ________      ________      ________      ________      ________
      1         1.948         2.226         2.658         1.944         1.716


           Means
              Q30G          Q37
              ________      ________
      1         2.244         1.601


           Covariances
              EDUC          Q9            Q20           Q23           Q24
              ________      ________      ________      ________      ________
 EDUC           3.480
 Q9            -0.264         0.743
 Q20           -0.485         0.186         1.679
 Q23           -0.619         0.578         0.521         3.836
 Q24           -0.061        -0.458        -0.135        -0.672         1.696
 Q4            -0.114         0.074         0.015         0.296         0.098
 Q44           -0.486         0.048         0.186         0.275         0.190
 Q45           -0.397         0.009         0.210         0.115         0.110
 Q46           -0.032         0.012         0.197         0.221         0.003
 Q47            0.041        -0.003         0.109         0.187         0.047
 Q1            -0.326         0.060         0.174         0.158        -0.120
 Q2A           -0.145         0.029         0.176         0.166        -0.105
 Q2B           -0.371         0.130         0.370         0.359        -0.188
 Q30A           0.173         0.001         0.114         0.072         0.027
 Q30B          -0.037         0.011         0.144         0.104         0.018
 Q30E           0.020         0.023         0.208         0.153        -0.015
 Q30F           0.012         0.035         0.194         0.064         0.034
 Q2C           -0.685        -0.005         0.201         0.343         0.024
 Q30C          -0.040         0.039         0.167        -0.021         0.032
 Q30D          -0.155         0.003         0.192         0.174        -0.026
 Q30G          -0.082         0.074         0.226         0.107        -0.012
 Q37           -0.155         0.070         0.168         0.174         0.045


           Covariances
              Q4            Q44           Q45           Q46           Q47
              ________      ________      ________      ________      ________
 Q4             3.631
 Q44            0.383         3.524
 Q45           -0.061         1.121         3.099
 Q46            0.193         0.241         0.185         1.519
 Q47            0.119         0.226         0.136         0.218         0.845
 Q1             0.139         0.300         0.172         0.100         0.012
 Q2A            0.102         0.296         0.212         0.074        -0.005
 Q2B            0.215         0.382         0.181         0.048        -0.001
 Q30A           0.025         0.021         0.042         0.057         0.085
 Q30B           0.033         0.120         0.015         0.041        -0.009
 Q30E           0.030         0.178         0.093         0.022         0.074
 Q30F           0.022         0.160         0.086         0.064         0.091
 Q2C            0.262         0.459         0.169        -0.061        -0.071
 Q30C           0.123         0.174         0.061         0.003         0.045
 Q30D           0.021         0.236         0.109         0.133         0.106
 Q30G          -0.033         0.133         0.028         0.080         0.056
 Q37            0.061         0.164         0.120         0.098         0.060


           Covariances
              Q1            Q2A           Q2B           Q30A          Q30B
              ________      ________      ________      ________      ________
 Q1             1.523
 Q2A            0.439         1.594
 Q2B            0.634         0.563         2.208
 Q30A           0.028         0.028         0.003         1.010
 Q30B           0.119         0.051         0.052         0.255         0.972
 Q30E           0.066         0.111         0.078         0.345         0.409
 Q30F           0.092         0.099         0.080         0.402         0.376
 Q2C            0.519         0.469         0.671         0.057         0.058
 Q30C           0.072         0.146         0.018         0.220         0.228
 Q30D           0.107         0.111         0.075         0.165         0.257
 Q30G           0.043        -0.003         0.063         0.188         0.235
 Q37            0.216         0.186         0.220         0.001         0.069


           Covariances
              Q30E          Q30F          Q2C           Q30C          Q30D
              ________      ________      ________      ________      ________
 Q30E           1.018
 Q30F           0.434         1.224
 Q2C            0.025         0.053         3.135
 Q30C           0.325         0.323         0.164         1.037
 Q30D           0.246         0.289         0.180         0.258         0.801
 Q30G           0.273         0.388         0.053         0.246         0.342
 Q37            0.124         0.061         0.335         0.112         0.151


           Covariances
              Q30G          Q37
              ________      ________
 Q30G           1.138
 Q37           -0.004         0.829


           Correlations
              EDUC          Q9            Q20           Q23           Q24
              ________      ________      ________      ________      ________
 EDUC           1.000
 Q9            -0.164         1.000
 Q20           -0.201         0.166         1.000
 Q23           -0.169         0.343         0.205         1.000
 Q24           -0.025        -0.408        -0.080        -0.264         1.000
 Q4            -0.032         0.045         0.006         0.079         0.039
 Q44           -0.139         0.030         0.076         0.075         0.078
 Q45           -0.121         0.006         0.092         0.033         0.048
 Q46           -0.014         0.011         0.123         0.091         0.002
 Q47            0.024        -0.004         0.092         0.104         0.039
 Q1            -0.142         0.057         0.109         0.065        -0.075
 Q2A           -0.062         0.026         0.107         0.067        -0.064
 Q2B           -0.134         0.101         0.192         0.123        -0.097
 Q30A           0.092         0.001         0.088         0.037         0.020
 Q30B          -0.020         0.013         0.113         0.054         0.014
 Q30E           0.010         0.026         0.159         0.078        -0.011
 Q30F           0.006         0.037         0.136         0.029         0.024
 Q2C           -0.207        -0.003         0.088         0.099         0.011
 Q30C          -0.021         0.045         0.127        -0.011         0.024
 Q30D          -0.093         0.004         0.166         0.099        -0.022
 Q30G          -0.041         0.080         0.164         0.051        -0.009
 Q37           -0.091         0.089         0.142         0.097         0.038


           Correlations
              Q4            Q44           Q45           Q46           Q47
              ________      ________      ________      ________      ________
 Q4             1.000
 Q44            0.107         1.000
 Q45           -0.018         0.339         1.000
 Q46            0.082         0.104         0.085         1.000
 Q47            0.068         0.131         0.084         0.192         1.000
 Q1             0.059         0.129         0.079         0.066         0.011
 Q2A            0.043         0.125         0.096         0.048        -0.004
 Q2B            0.076         0.137         0.069         0.026        -0.001
 Q30A           0.013         0.011         0.024         0.046         0.091
 Q30B           0.017         0.065         0.009         0.034        -0.010
 Q30E           0.016         0.094         0.052         0.018         0.079
 Q30F           0.010         0.077         0.044         0.047         0.089
 Q2C            0.078         0.138         0.054        -0.028        -0.044
 Q30C           0.063         0.091         0.034         0.002         0.048
 Q30D           0.012         0.140         0.069         0.120         0.129
 Q30G          -0.016         0.066         0.015         0.061         0.057
 Q37            0.035         0.096         0.075         0.087         0.072


           Correlations
              Q1            Q2A           Q2B           Q30A          Q30B
              ________      ________      ________      ________      ________
 Q1             1.000
 Q2A            0.282         1.000
 Q2B            0.346         0.300         1.000
 Q30A           0.022         0.022         0.002         1.000
 Q30B           0.098         0.041         0.035         0.257         1.000
 Q30E           0.053         0.087         0.052         0.340         0.411
 Q30F           0.067         0.071         0.049         0.361         0.344
 Q2C            0.238         0.210         0.255         0.032         0.033
 Q30C           0.057         0.113         0.012         0.215         0.227
 Q30D           0.096         0.098         0.056         0.183         0.291
 Q30G           0.032        -0.002         0.040         0.176         0.224
 Q37            0.192         0.162         0.163         0.001         0.077


           Correlations
              Q30E          Q30F          Q2C           Q30C          Q30D
              ________      ________      ________      ________      ________
 Q30E           1.000
 Q30F           0.389         1.000
 Q2C            0.014         0.027         1.000
 Q30C           0.316         0.286         0.091         1.000
 Q30D           0.272         0.292         0.114         0.283         1.000
 Q30G           0.254         0.329         0.028         0.227         0.358
 Q37            0.135         0.061         0.208         0.121         0.186


           Correlations
              Q30G          Q37
              ________      ________
 Q30G           1.000
 Q37           -0.004         1.000


     MAXIMUM LOG-LIKELIHOOD VALUE FOR THE UNRESTRICTED (H1) MODEL IS  -60650.412


THE MODEL ESTIMATION TERMINATED NORMALLY



MODEL FIT INFORMATION

Number of Free Parameters                       80

Loglikelihood

          H0 Value                      -61085.862
          H1 Value                      -60650.412

Information Criteria

          Akaike (AIC)                  122331.724
          Bayesian (BIC)                122779.876
          Sample-Size Adjusted BIC      122525.711
            (n* = (n + 2) / 24)

Chi-Square Test of Model Fit

          Value                            870.900
          Degrees of Freedom                   195
          P-Value                           0.0000

RMSEA (Root Mean Square Error Of Approximation)

          Estimate                           0.042
          90 Percent C.I.                    0.039  0.044
          Probability RMSEA <= .05           1.000

CFI/TLI

          CFI                                0.834
          TLI                                0.803

Chi-Square Test of Model Fit for the Baseline Model

          Value                           4291.806
          Degrees of Freedom                   231
          P-Value                           0.0000

SRMR (Standardized Root Mean Square Residual)

          Value                              0.055



MODEL RESULTS

                                                    Two-Tailed
                    Estimate       S.E.  Est./S.E.    P-Value

 EDU      BY
    EDUC               1.000      0.000    999.000    999.000
    Q9                -0.520      0.080     -6.531      0.000
    Q20               -0.946      0.115     -8.195      0.000
    Q23               -1.181      0.154     -7.678      0.000
    Q24                0.188      0.088      2.122      0.034

 GENDER   BY
    Q4                 1.000      0.000    999.000    999.000
    Q44                5.215      1.199      4.351      0.000
    Q45                3.234      0.766      4.223      0.000
    Q46                1.000      0.291      3.437      0.001
    Q47                0.770      0.220      3.505      0.000

 PREDISPO BY
    Q1                 1.000      0.000    999.000    999.000
    Q2A                0.889      0.068     13.123      0.000
    Q2B                1.302      0.098     13.330      0.000

 EXPECTAT BY
    Q30A               1.000      0.000    999.000    999.000
    Q30B               1.128      0.076     14.886      0.000
    Q30E               1.318      0.082     16.038      0.000
    Q30F               1.413      0.087     16.219      0.000

 SATISFAC BY
    Q2C                1.000      0.000    999.000    999.000
    Q30C               1.540      0.270      5.710      0.000
    Q30D               1.648      0.283      5.821      0.000
    Q30G               1.674      0.299      5.604      0.000

 PAY      BY
    Q37                1.000      0.000    999.000    999.000

 GENDER   WITH
    EDU               -0.055      0.016     -3.380      0.001

 PREDISPO WITH
    EDU               -0.231      0.032     -7.232      0.000
    GENDER             0.057      0.015      3.828      0.000

 EXPECTAT WITH
    EDU               -0.079      0.017     -4.768      0.000
    GENDER             0.020      0.007      3.004      0.003
    PREDISPO           0.052      0.014      3.820      0.000

 SATISFAC WITH
    EDU               -0.095      0.022     -4.354      0.000
    GENDER             0.024      0.008      3.073      0.002
    PREDISPO           0.058      0.016      3.672      0.000
    EXPECTAT           0.129      0.023      5.587      0.000

 PAY      WITH
    EDU               -0.156      0.030     -5.180      0.000
    GENDER             0.036      0.012      2.989      0.003
    PREDISPO           0.199      0.026      7.547      0.000
    EXPECTAT           0.058      0.016      3.682      0.000
    SATISFAC           0.064      0.017      3.716      0.000

 Intercepts
    EDUC               4.772      0.042    114.453      0.000
    Q9                 1.432      0.033     42.904      0.000
    Q20                1.901      0.029     65.656      0.000
    Q23                2.934      0.052     55.980      0.000
    Q24                2.369      0.037     63.709      0.000
    Q4                 2.505      0.043     58.835      0.000
    Q44                2.299      0.042     54.798      0.000
    Q45                2.118      0.039     53.839      0.000
    Q46                3.117      0.034     91.657      0.000
    Q47                2.842      0.025    112.251      0.000
    Q1                 1.943      0.028     70.437      0.000
    Q2A                1.505      0.028     53.342      0.000
    Q2B                2.322      0.033     69.906      0.000
    Q30A               2.435      0.024    101.125      0.000
    Q30B               1.865      0.024     78.968      0.000
    Q30E               1.964      0.024     81.184      0.000
    Q30F               2.239      0.027     84.415      0.000
    Q2C                2.658      0.040     67.163      0.000
    Q30C               1.943      0.024     79.736      0.000
    Q30D               1.718      0.021     80.101      0.000
    Q30G               2.256      0.026     88.296      0.000
    Q37                1.554      0.025     61.985      0.000

 Variances
    EDU                0.530      0.093      5.717      0.000
    GENDER             0.064      0.028      2.260      0.024
    PREDISPO           0.488      0.050      9.731      0.000
    EXPECTAT           0.251      0.027      9.449      0.000
    SATISFAC           0.108      0.036      2.991      0.003
    PAY                0.819      0.033     25.176      0.000

 Residual Variances
    EDUC               2.950      0.118     25.038      0.000
    Q9                 0.592      0.037     15.906      0.000
    Q20                1.204      0.066     18.183      0.000
    Q23                3.073      0.156     19.656      0.000
    Q24                1.535      0.064     23.997      0.000
    Q4                 3.567      0.114     31.228      0.000
    Q44                1.791      0.205      8.715      0.000
    Q45                2.433      0.105     23.161      0.000
    Q46                1.443      0.059     24.415      0.000
    Q47                0.799      0.033     24.423      0.000
    Q1                 1.034      0.048     21.381      0.000
    Q2A                1.208      0.048     24.916      0.000
    Q2B                1.380      0.074     18.684      0.000
    Q30A               0.759      0.029     25.956      0.000
    Q30B               0.652      0.027     24.188      0.000
    Q30E               0.581      0.028     21.055      0.000
    Q30F               0.722      0.033     21.650      0.000
    Q2C                3.027      0.099     30.593      0.000
    Q30C               0.780      0.031     25.058      0.000
    Q30D               0.508      0.025     20.608      0.000
    Q30G               0.837      0.035     24.061      0.000
    Q37                0.000      0.000    999.000    999.000


STANDARDIZED MODEL RESULTS


STDYX Standardization

                                                    Two-Tailed
                    Estimate       S.E.  Est./S.E.    P-Value

 EDU      BY
    EDUC               0.390      0.033     11.973      0.000
    Q9                -0.441      0.054     -8.234      0.000
    Q20               -0.532      0.034    -15.493      0.000
    Q23               -0.440      0.039    -11.385      0.000
    Q24                0.110      0.049      2.219      0.027

 GENDER   BY
    Q4                 0.132      0.029      4.555      0.000
    Q44                0.701      0.042     16.884      0.000
    Q45                0.464      0.030     15.233      0.000
    Q46                0.206      0.040      5.081      0.000
    Q47                0.213      0.040      5.370      0.000

 PREDISPO BY
    Q1                 0.566      0.026     22.080      0.000
    Q2A                0.492      0.025     19.292      0.000
    Q2B                0.612      0.026     23.480      0.000

 EXPECTAT BY
    Q30A               0.499      0.023     21.918      0.000
    Q30B               0.574      0.021     26.965      0.000
    Q30E               0.655      0.020     32.828      0.000
    Q30F               0.640      0.020     31.606      0.000

 SATISFAC BY
    Q2C                0.185      0.031      6.063      0.000
    Q30C               0.497      0.024     20.522      0.000
    Q30D               0.605      0.024     25.408      0.000
    Q30G               0.515      0.025     20.892      0.000

 PAY      BY
    Q37                1.000      0.000    999.000    999.000

 GENDER   WITH
    EDU               -0.297      0.048     -6.255      0.000

 PREDISPO WITH
    EDU               -0.454      0.042    -10.868      0.000
    GENDER             0.325      0.038      8.512      0.000

 EXPECTAT WITH
    EDU               -0.217      0.044     -4.964      0.000
    GENDER             0.161      0.039      4.165      0.000
    PREDISPO           0.149      0.037      4.005      0.000

 SATISFAC WITH
    EDU               -0.396      0.046     -8.564      0.000
    GENDER             0.288      0.042      6.799      0.000
    PREDISPO           0.252      0.042      5.954      0.000
    EXPECTAT           0.786      0.028     27.711      0.000

 PAY      WITH
    EDU               -0.237      0.041     -5.836      0.000
    GENDER             0.160      0.039      4.094      0.000
    PREDISPO           0.315      0.036      8.790      0.000
    EXPECTAT           0.128      0.034      3.777      0.000
    SATISFAC           0.215      0.041      5.276      0.000

 Intercepts
    EDUC               2.558      0.046     55.377      0.000
    Q9                 1.670      0.049     34.290      0.000
    Q20                1.467      0.032     45.561      0.000
    Q23                1.503      0.039     38.121      0.000
    Q24                1.900      0.050     38.065      0.000
    Q4                 1.315      0.031     43.087      0.000
    Q44                1.225      0.030     41.424      0.000
    Q45                1.203      0.029     41.005      0.000
    Q46                2.539      0.057     44.793      0.000
    Q47                3.108      0.067     46.617      0.000
    Q1                 1.574      0.033     47.072      0.000
    Q2A                1.192      0.029     40.784      0.000
    Q2B                1.562      0.033     46.913      0.000
    Q30A               2.422      0.047     51.333      0.000
    Q30B               1.892      0.040     47.669      0.000
    Q30E               1.946      0.040     48.177      0.000
    Q30F               2.024      0.041     48.803      0.000
    Q2C                1.501      0.033     46.056      0.000
    Q30C               1.909      0.040     47.834      0.000
    Q30D               1.919      0.040     47.975      0.000
    Q30G               2.114      0.043     49.477      0.000
    Q37                1.717      0.043     40.258      0.000

 Variances
    EDU                1.000      0.000    999.000    999.000
    GENDER             1.000      0.000    999.000    999.000
    PREDISPO           1.000      0.000    999.000    999.000
    EXPECTAT           1.000      0.000    999.000    999.000
    SATISFAC           1.000      0.000    999.000    999.000
    PAY                1.000      0.000    999.000    999.000

 Residual Variances
    EDUC               0.848      0.025     33.325      0.000
    Q9                 0.805      0.047     17.032      0.000
    Q20                0.717      0.037     19.647      0.000
    Q23                0.806      0.034     23.661      0.000
    Q24                0.988      0.011     91.170      0.000
    Q4                 0.982      0.008    127.461      0.000
    Q44                0.508      0.058      8.720      0.000
    Q45                0.785      0.028     27.788      0.000
    Q46                0.958      0.017     57.575      0.000
    Q47                0.955      0.017     56.761      0.000
    Q1                 0.679      0.029     23.380      0.000
    Q2A                0.758      0.025     30.216      0.000
    Q2B                0.625      0.032     19.555      0.000
    Q30A               0.751      0.023     33.100      0.000
    Q30B               0.671      0.024     27.505      0.000
    Q30E               0.571      0.026     21.826      0.000
    Q30F               0.590      0.026     22.744      0.000
    Q2C                0.966      0.011     85.071      0.000
    Q30C               0.753      0.024     31.316      0.000
    Q30D               0.634      0.029     22.032      0.000
    Q30G               0.735      0.025     28.911      0.000
    Q37                0.000    999.000    999.000    999.000


STDY Standardization

                                                    Two-Tailed
                    Estimate       S.E.  Est./S.E.    P-Value

 EDU      BY
    EDUC               0.390      0.033     11.973      0.000
    Q9                -0.441      0.054     -8.234      0.000
    Q20               -0.532      0.034    -15.493      0.000
    Q23               -0.440      0.039    -11.385      0.000
    Q24                0.110      0.049      2.219      0.027

 GENDER   BY
    Q4                 0.132      0.029      4.555      0.000
    Q44                0.701      0.042     16.884      0.000
    Q45                0.464      0.030     15.233      0.000
    Q46                0.206      0.040      5.081      0.000
    Q47                0.213      0.040      5.370      0.000

 PREDISPO BY
    Q1                 0.566      0.026     22.080      0.000
    Q2A                0.492      0.025     19.292      0.000
    Q2B                0.612      0.026     23.480      0.000

 EXPECTAT BY
    Q30A               0.499      0.023     21.918      0.000
    Q30B               0.574      0.021     26.965      0.000
    Q30E               0.655      0.020     32.828      0.000
    Q30F               0.640      0.020     31.606      0.000

 SATISFAC BY
    Q2C                0.185      0.031      6.063      0.000
    Q30C               0.497      0.024     20.522      0.000
    Q30D               0.605      0.024     25.408      0.000
    Q30G               0.515      0.025     20.892      0.000

 PAY      BY
    Q37                1.000      0.000    999.000    999.000

 GENDER   WITH
    EDU               -0.297      0.048     -6.255      0.000

 PREDISPO WITH
    EDU               -0.454      0.042    -10.868      0.000
    GENDER             0.325      0.038      8.512      0.000

 EXPECTAT WITH
    EDU               -0.217      0.044     -4.964      0.000
    GENDER             0.161      0.039      4.165      0.000
    PREDISPO           0.149      0.037      4.005      0.000

 SATISFAC WITH
    EDU               -0.396      0.046     -8.564      0.000
    GENDER             0.288      0.042      6.799      0.000
    PREDISPO           0.252      0.042      5.954      0.000
    EXPECTAT           0.786      0.028     27.711      0.000

 PAY      WITH
    EDU               -0.237      0.041     -5.836      0.000
    GENDER             0.160      0.039      4.094      0.000
    PREDISPO           0.315      0.036      8.790      0.000
    EXPECTAT           0.128      0.034      3.777      0.000
    SATISFAC           0.215      0.041      5.276      0.000

 Intercepts
    EDUC               2.558      0.046     55.377      0.000
    Q9                 1.670      0.049     34.290      0.000
    Q20                1.467      0.032     45.561      0.000
    Q23                1.503      0.039     38.121      0.000
    Q24                1.900      0.050     38.065      0.000
    Q4                 1.315      0.031     43.087      0.000
    Q44                1.225      0.030     41.424      0.000
    Q45                1.203      0.029     41.005      0.000
    Q46                2.539      0.057     44.793      0.000
    Q47                3.108      0.067     46.617      0.000
    Q1                 1.574      0.033     47.072      0.000
    Q2A                1.192      0.029     40.784      0.000
    Q2B                1.562      0.033     46.913      0.000
    Q30A               2.422      0.047     51.333      0.000
    Q30B               1.892      0.040     47.669      0.000
    Q30E               1.946      0.040     48.177      0.000
    Q30F               2.024      0.041     48.803      0.000
    Q2C                1.501      0.033     46.056      0.000
    Q30C               1.909      0.040     47.834      0.000
    Q30D               1.919      0.040     47.975      0.000
    Q30G               2.114      0.043     49.477      0.000
    Q37                1.717      0.043     40.258      0.000

 Variances
    EDU                1.000      0.000    999.000    999.000
    GENDER             1.000      0.000    999.000    999.000
    PREDISPO           1.000      0.000    999.000    999.000
    EXPECTAT           1.000      0.000    999.000    999.000
    SATISFAC           1.000      0.000    999.000    999.000
    PAY                1.000      0.000    999.000    999.000

 Residual Variances
    EDUC               0.848      0.025     33.325      0.000
    Q9                 0.805      0.047     17.032      0.000
    Q20                0.717      0.037     19.647      0.000
    Q23                0.806      0.034     23.661      0.000
    Q24                0.988      0.011     91.170      0.000
    Q4                 0.982      0.008    127.461      0.000
    Q44                0.508      0.058      8.720      0.000
    Q45                0.785      0.028     27.788      0.000
    Q46                0.958      0.017     57.575      0.000
    Q47                0.955      0.017     56.761      0.000
    Q1                 0.679      0.029     23.380      0.000
    Q2A                0.758      0.025     30.216      0.000
    Q2B                0.625      0.032     19.555      0.000
    Q30A               0.751      0.023     33.100      0.000
    Q30B               0.671      0.024     27.505      0.000
    Q30E               0.571      0.026     21.826      0.000
    Q30F               0.590      0.026     22.744      0.000
    Q2C                0.966      0.011     85.071      0.000
    Q30C               0.753      0.024     31.316      0.000
    Q30D               0.634      0.029     22.032      0.000
    Q30G               0.735      0.025     28.911      0.000
    Q37              999.000    999.000    999.000    999.000


STD Standardization

                                                    Two-Tailed
                    Estimate       S.E.  Est./S.E.    P-Value

 EDU      BY
    EDUC               0.728      0.064     11.434      0.000
    Q9                -0.378      0.050     -7.608      0.000
    Q20               -0.689      0.048    -14.473      0.000
    Q23               -0.860      0.081    -10.649      0.000
    Q24                0.137      0.062      2.208      0.027

 GENDER   BY
    Q4                 0.252      0.056      4.520      0.000
    Q44                1.317      0.083     15.789      0.000
    Q45                0.817      0.057     14.212      0.000
    Q46                0.252      0.051      4.994      0.000
    Q47                0.194      0.037      5.268      0.000

 PREDISPO BY
    Q1                 0.699      0.036     19.461      0.000
    Q2A                0.621      0.036     17.368      0.000
    Q2B                0.910      0.044     20.516      0.000

 EXPECTAT BY
    Q30A               0.501      0.027     18.898      0.000
    Q30B               0.565      0.026     22.098      0.000
    Q30E               0.661      0.026     25.457      0.000
    Q30F               0.708      0.029     24.789      0.000

 SATISFAC BY
    Q2C                0.328      0.055      5.983      0.000
    Q30C               0.506      0.028     17.967      0.000
    Q30D               0.541      0.025     21.295      0.000
    Q30G               0.550      0.030     18.248      0.000

 PAY      BY
    Q37                0.905      0.018     50.353      0.000

 GENDER   WITH
    EDU               -0.297      0.048     -6.255      0.000

 PREDISPO WITH
    EDU               -0.454      0.042    -10.868      0.000
    GENDER             0.325      0.038      8.512      0.000

 EXPECTAT WITH
    EDU               -0.217      0.044     -4.964      0.000
    GENDER             0.161      0.039      4.165      0.000
    PREDISPO           0.149      0.037      4.005      0.000

 SATISFAC WITH
    EDU               -0.396      0.046     -8.564      0.000
    GENDER             0.288      0.042      6.799      0.000
    PREDISPO           0.252      0.042      5.954      0.000
    EXPECTAT           0.786      0.028     27.711      0.000

 PAY      WITH
    EDU               -0.237      0.041     -5.836      0.000
    GENDER             0.160      0.039      4.094      0.000
    PREDISPO           0.315      0.036      8.790      0.000
    EXPECTAT           0.128      0.034      3.777      0.000
    SATISFAC           0.215      0.041      5.276      0.000

 Intercepts
    EDUC               4.772      0.042    114.453      0.000
    Q9                 1.432      0.033     42.904      0.000
    Q20                1.901      0.029     65.656      0.000
    Q23                2.934      0.052     55.980      0.000
    Q24                2.369      0.037     63.709      0.000
    Q4                 2.505      0.043     58.835      0.000
    Q44                2.299      0.042     54.798      0.000
    Q45                2.118      0.039     53.839      0.000
    Q46                3.117      0.034     91.657      0.000
    Q47                2.842      0.025    112.251      0.000
    Q1                 1.943      0.028     70.437      0.000
    Q2A                1.505      0.028     53.342      0.000
    Q2B                2.322      0.033     69.906      0.000
    Q30A               2.435      0.024    101.125      0.000
    Q30B               1.865      0.024     78.968      0.000
    Q30E               1.964      0.024     81.184      0.000
    Q30F               2.239      0.027     84.415      0.000
    Q2C                2.658      0.040     67.163      0.000
    Q30C               1.943      0.024     79.736      0.000
    Q30D               1.718      0.021     80.101      0.000
    Q30G               2.256      0.026     88.296      0.000
    Q37                1.554      0.025     61.985      0.000

 Variances
    EDU                1.000      0.000    999.000    999.000
    GENDER             1.000      0.000    999.000    999.000
    PREDISPO           1.000      0.000    999.000    999.000
    EXPECTAT           1.000      0.000    999.000    999.000
    SATISFAC           1.000      0.000    999.000    999.000
    PAY                1.000      0.000    999.000    999.000

 Residual Variances
    EDUC               2.950      0.118     25.038      0.000
    Q9                 0.592      0.037     15.906      0.000
    Q20                1.204      0.066     18.183      0.000
    Q23                3.073      0.156     19.656      0.000
    Q24                1.535      0.064     23.997      0.000
    Q4                 3.567      0.114     31.228      0.000
    Q44                1.791      0.205      8.715      0.000
    Q45                2.433      0.105     23.161      0.000
    Q46                1.443      0.059     24.415      0.000
    Q47                0.799      0.033     24.423      0.000
    Q1                 1.034      0.048     21.381      0.000
    Q2A                1.208      0.048     24.916      0.000
    Q2B                1.380      0.074     18.684      0.000
    Q30A               0.759      0.029     25.956      0.000
    Q30B               0.652      0.027     24.188      0.000
    Q30E               0.581      0.028     21.055      0.000
    Q30F               0.722      0.033     21.650      0.000
    Q2C                3.027      0.099     30.593      0.000
    Q30C               0.780      0.031     25.058      0.000
    Q30D               0.508      0.025     20.608      0.000
    Q30G               0.837      0.035     24.061      0.000
    Q37              999.000    999.000    999.000    999.000


R-SQUARE

    Observed                                        Two-Tailed
    Variable        Estimate       S.E.  Est./S.E.    P-Value

    EDUC               0.152      0.025      5.987      0.000
    Q9                 0.195      0.047      4.117      0.000
    Q20                0.283      0.037      7.746      0.000
    Q23                0.194      0.034      5.693      0.000
    Q24                0.012      0.011      1.109      0.267
    Q4                 0.018      0.008      2.278      0.023
    Q44                0.492      0.058      8.442      0.000
    Q45                0.215      0.028      7.617      0.000
    Q46                0.042      0.017      2.540      0.011
    Q47                0.045      0.017      2.685      0.007
    Q1                 0.321      0.029     11.040      0.000
    Q2A                0.242      0.025      9.646      0.000
    Q2B                0.375      0.032     11.740      0.000
    Q30A               0.249      0.023     10.959      0.000
    Q30B               0.329      0.024     13.482      0.000
    Q30E               0.429      0.026     16.414      0.000
    Q30F               0.410      0.026     15.803      0.000
    Q2C                0.034      0.011      3.031      0.002
    Q30C               0.247      0.024     10.261      0.000
    Q30D               0.366      0.029     12.704      0.000
    Q30G               0.265      0.025     10.446      0.000
    Q37                1.000    999.000    999.000    999.000


QUALITY OF NUMERICAL RESULTS

     Condition Number for the Information Matrix              0.145E-04
       (ratio of smallest to largest eigenvalue)


MODEL MODIFICATION INDICES

NOTE:  Modification indices for direct effects of observed dependent variables
regressed on covariates may not be included.  To include these, request
MODINDICES (ALL).

Minimum M.I. value for printing the modification index    10.000

                            M.I.     E.P.C.  Std E.P.C.  StdYX E.P.C.

BY Statements

EDU      BY Q2C            85.643    -0.830     -0.604       -0.341
GENDER   BY EDUC           14.387    -0.978     -0.247       -0.132
GENDER   BY Q24            13.859     0.776      0.196        0.157
GENDER   BY Q2C            41.103     1.428      0.360        0.204
GENDER   BY Q30G           10.607    -0.471     -0.119       -0.111
PREDISPO BY Q2C           204.822     1.109      0.775        0.438
PREDISPO BY Q30G           19.931    -0.225     -0.157       -0.147
EXPECTAT BY EDUC           19.258     0.507      0.254        0.136
EXPECTAT BY Q20            34.160     0.530      0.266        0.205
EXPECTAT BY Q2C            36.312    -1.419     -0.712       -0.402
EXPECTAT BY Q30C           23.188     0.734      0.368        0.361
EXPECTAT BY Q30D           15.719    -0.605     -0.303       -0.339
SATISFAC BY Q20            32.032     0.926      0.304        0.235
SATISFAC BY Q30A           13.988    -0.773     -0.254       -0.252
PAY      BY Q2C            32.907     0.317      0.287        0.162
PAY      BY Q30G           29.848    -0.186     -0.168       -0.157

WITH Statements

Q23      WITH Q9           17.184     0.265      0.265        0.196
Q24      WITH EDUC         12.418    -0.238     -0.238       -0.112
Q24      WITH Q23          16.941    -0.293     -0.293       -0.135
Q45      WITH Q4           21.885    -0.355     -0.355       -0.121
Q45      WITH Q44          28.789     1.368      1.368        0.656
Q46      WITH Q44          12.550    -0.303     -0.303       -0.189
Q47      WITH Q46          31.262     0.173      0.173        0.161
Q30A     WITH EDUC         23.491     0.191      0.191        0.127
Q30E     WITH Q30B         12.913     0.080      0.080        0.129
Q30F     WITH Q30A         12.708     0.085      0.085        0.114
Q30F     WITH Q30E         14.133    -0.100     -0.100       -0.154
Q2C      WITH EDUC         51.606    -0.507     -0.507       -0.170
Q2C      WITH Q1           25.342     0.222      0.222        0.125
Q2C      WITH Q2A          16.551     0.187      0.187        0.098
Q2C      WITH Q2B          37.001     0.320      0.320        0.156
Q30C     WITH Q23          11.059    -0.162     -0.162       -0.105
Q30C     WITH Q2A          10.042     0.084      0.084        0.086
Q30C     WITH Q30E         11.419     0.068      0.068        0.101
Q30G     WITH Q2A          10.417    -0.089     -0.089       -0.088
Q30G     WITH Q30F         20.312     0.105      0.105        0.134
Q30G     WITH Q30D         20.367     0.110      0.110        0.169
Q37      WITH Q30G         21.341    -0.120     -0.120      999.000


DIAGRAM INFORMATION

  Use View Diagram under the Diagram menu in the Mplus Editor to view the diagram.
  If running Mplus from the Mplus Diagrammer, the diagram opens automatically.

  Diagram output
    c:\chao doc\skb\hui li\apr\cfa0.dgm

     Beginning Time:  15:57:28
        Ending Time:  15:57:29
       Elapsed Time:  00:00:01



MUTHEN & MUTHEN
3463 Stoner Ave.
Los Angeles, CA  90066

Tel: (310) 391-9971
Fax: (310) 391-8971
Web: www.StatModel.com
Support: Support@StatModel.com

Copyright (c) 1998-2012 Muthen & Muthen
