Mplus VERSION 7
MUTHEN & MUTHEN
04/26/2020   5:40 PM

INPUT INSTRUCTIONS

  title: Hui Project;

  data: file is Hui Project.dat;

  variable:
  names are
  educ q9  q20 q23 q24
  q4  q44 q45 q46 q47
  q1 q2a q2b
  q30a  q30b  q30e  q30f
  q2c q30c  q30d  q30g
  q37
  sex q43;

  Usevariables are
  educ q9  q20 q23 q24
  q4  q44 q45 q46 q47
  q1 q2a q2b
  q30a  q30b  q30e  q30f
  q30c  q30d  q30g
  q37;

  MISSING ARE all (-99);

  analysis: type=general;

  model:

  EDU by educ q9  q20 q23 q24;
  GENDER by q4  q44 q45 q46 q47;
  PREDISPO by q1 q2a q2b;
  EXPECTAT by q30a  q30b  q30e  q30f;
  SATISFAC by q30c  q30d  q30g;
  PAY by q37@1;q37@0;

  output:
  sampstat modindices standardized ;



INPUT READING TERMINATED NORMALLY



Hui Project;

SUMMARY OF ANALYSIS

Number of groups                                                 1
Number of observations                                        2002

Number of dependent variables                                   21
Number of independent variables                                  0
Number of continuous latent variables                            6

Observed dependent variables

  Continuous
   EDUC        Q9          Q20         Q23         Q24         Q4
   Q44         Q45         Q46         Q47         Q1          Q2A
   Q2B         Q30A        Q30B        Q30E        Q30F        Q30C
   Q30D        Q30G        Q37

Continuous latent variables
   EDU         GENDER      PREDISPO    EXPECTAT    SATISFAC    PAY


Estimator                                                       ML
Information matrix                                        OBSERVED
Maximum number of iterations                                  1000
Convergence criterion                                    0.500D-04
Maximum number of steepest descent iterations                   20
Maximum number of iterations for H1                           2000
Convergence criterion for H1                             0.100D-03

Input data file(s)
  Hui Project.dat

Input data format  FREE


SUMMARY OF DATA

     Number of missing data patterns            17


COVARIANCE COVERAGE OF DATA

Minimum covariance coverage value   0.100


     PROPORTION OF DATA PRESENT


           Covariance Coverage
              EDUC          Q9            Q20           Q23           Q24
              ________      ________      ________      ________      ________
 EDUC           1.000
 Q9             0.461         0.461
 Q20            1.000         0.461         1.000
 Q23            0.674         0.349         0.674         0.674
 Q24            0.592         0.315         0.592         0.592         0.592
 Q4             1.000         0.461         1.000         0.674         0.592
 Q44            1.000         0.461         1.000         0.674         0.592
 Q45            1.000         0.461         1.000         0.674         0.592
 Q46            0.650         0.347         0.650         0.513         0.460
 Q47            0.650         0.347         0.650         0.513         0.460
 Q1             1.000         0.461         1.000         0.674         0.592
 Q2A            1.000         0.461         1.000         0.674         0.592
 Q2B            1.000         0.461         1.000         0.674         0.592
 Q30A           0.874         0.411         0.874         0.650         0.569
 Q30B           0.874         0.411         0.874         0.650         0.569
 Q30E           0.874         0.411         0.874         0.650         0.569
 Q30F           0.874         0.411         0.874         0.650         0.569
 Q30C           0.874         0.411         0.874         0.650         0.569
 Q30D           0.874         0.411         0.874         0.650         0.569
 Q30G           0.874         0.411         0.874         0.650         0.569
 Q37            0.650         0.347         0.650         0.513         0.460


           Covariance Coverage
              Q4            Q44           Q45           Q46           Q47
              ________      ________      ________      ________      ________
 Q4             1.000
 Q44            1.000         1.000
 Q45            1.000         1.000         1.000
 Q46            0.650         0.650         0.650         0.650
 Q47            0.650         0.650         0.650         0.650         0.650
 Q1             1.000         1.000         1.000         0.650         0.650
 Q2A            1.000         1.000         1.000         0.650         0.650
 Q2B            1.000         1.000         1.000         0.650         0.650
 Q30A           0.874         0.874         0.874         0.650         0.650
 Q30B           0.874         0.874         0.874         0.650         0.650
 Q30E           0.874         0.874         0.874         0.650         0.650
 Q30F           0.874         0.874         0.874         0.650         0.650
 Q30C           0.874         0.874         0.874         0.650         0.650
 Q30D           0.874         0.874         0.874         0.650         0.650
 Q30G           0.874         0.874         0.874         0.650         0.650
 Q37            0.650         0.650         0.650         0.650         0.650


           Covariance Coverage
              Q1            Q2A           Q2B           Q30A          Q30B
              ________      ________      ________      ________      ________
 Q1             1.000
 Q2A            1.000         1.000
 Q2B            1.000         1.000         1.000
 Q30A           0.874         0.874         0.874         0.874
 Q30B           0.874         0.874         0.874         0.874         0.874
 Q30E           0.874         0.874         0.874         0.874         0.874
 Q30F           0.874         0.874         0.874         0.874         0.874
 Q30C           0.874         0.874         0.874         0.874         0.874
 Q30D           0.874         0.874         0.874         0.874         0.874
 Q30G           0.874         0.874         0.874         0.874         0.874
 Q37            0.650         0.650         0.650         0.650         0.650


           Covariance Coverage
              Q30E          Q30F          Q30C          Q30D          Q30G
              ________      ________      ________      ________      ________
 Q30E           0.874
 Q30F           0.874         0.874
 Q30C           0.874         0.874         0.874
 Q30D           0.874         0.874         0.874         0.874
 Q30G           0.874         0.874         0.874         0.874         0.874
 Q37            0.650         0.650         0.650         0.650         0.650


           Covariance Coverage
              Q37
              ________
 Q37            0.650


SAMPLE STATISTICS


     ESTIMATED SAMPLE STATISTICS


           Means
              EDUC          Q9            Q20           Q23           Q24
              ________      ________      ________      ________      ________
      1         4.772         1.430         1.901         2.928         2.296


           Means
              Q4            Q44           Q45           Q46           Q47
              ________      ________      ________      ________      ________
      1         2.505         2.299         2.118         3.115         2.837


           Means
              Q1            Q2A           Q2B           Q30A          Q30B
              ________      ________      ________      ________      ________
      1         1.943         1.505         2.322         2.423         1.856


           Means
              Q30E          Q30F          Q30C          Q30D          Q30G
              ________      ________      ________      ________      ________
      1         1.951         2.226         1.934         1.707         2.242


           Means
              Q37
              ________
      1         1.548


           Covariances
              EDUC          Q9            Q20           Q23           Q24
              ________      ________      ________      ________      ________
 EDUC           3.480
 Q9            -0.282         0.746
 Q20           -0.485         0.188         1.679
 Q23           -0.620         0.585         0.524         3.841
 Q24           -0.054        -0.462        -0.138        -0.683         1.698
 Q4            -0.114         0.084         0.015         0.294         0.096
 Q44           -0.486         0.047         0.186         0.272         0.188
 Q45           -0.397         0.013         0.210         0.121         0.110
 Q46           -0.051         0.009         0.194         0.217         0.008
 Q47            0.027        -0.005         0.107         0.185         0.050
 Q1            -0.326         0.056         0.174         0.165        -0.119
 Q2A           -0.145         0.034         0.176         0.174        -0.103
 Q2B           -0.371         0.134         0.370         0.372        -0.184
 Q30A           0.174        -0.001         0.116         0.074         0.023
 Q30B          -0.037         0.009         0.144         0.105         0.019
 Q30E           0.020         0.019         0.208         0.154        -0.015
 Q30F           0.012         0.036         0.194         0.064         0.032
 Q30C          -0.039         0.042         0.170        -0.019         0.027
 Q30D          -0.154         0.008         0.194         0.175        -0.031
 Q30G          -0.082         0.074         0.227         0.107        -0.015
 Q37           -0.131         0.076         0.173         0.179         0.038


           Covariances
              Q4            Q44           Q45           Q46           Q47
              ________      ________      ________      ________      ________
 Q4             3.631
 Q44            0.383         3.524
 Q45           -0.061         1.121         3.099
 Q46            0.198         0.245         0.187         1.515
 Q47            0.123         0.229         0.138         0.215         0.844
 Q1             0.139         0.300         0.172         0.101         0.013
 Q2A            0.102         0.296         0.212         0.072        -0.006
 Q2B            0.215         0.382         0.181         0.040        -0.006
 Q30A           0.024         0.020         0.042         0.058         0.085
 Q30B           0.033         0.119         0.015         0.041        -0.009
 Q30E           0.030         0.178         0.093         0.022         0.074
 Q30F           0.022         0.160         0.086         0.066         0.092
 Q30C           0.122         0.172         0.061         0.007         0.047
 Q30D           0.021         0.234         0.109         0.135         0.107
 Q30G          -0.033         0.133         0.028         0.082         0.057
 Q37            0.054         0.159         0.117         0.103         0.063


           Covariances
              Q1            Q2A           Q2B           Q30A          Q30B
              ________      ________      ________      ________      ________
 Q1             1.523
 Q2A            0.439         1.594
 Q2B            0.634         0.563         2.208
 Q30A           0.029         0.028         0.007         1.010
 Q30B           0.119         0.051         0.052         0.255         0.972
 Q30E           0.066         0.110         0.076         0.345         0.409
 Q30F           0.092         0.099         0.081         0.402         0.376
 Q30C           0.074         0.147         0.024         0.220         0.229
 Q30D           0.108         0.112         0.080         0.165         0.257
 Q30G           0.043        -0.003         0.064         0.189         0.235
 Q37            0.216         0.189         0.232         0.000         0.069


           Covariances
              Q30E          Q30F          Q30C          Q30D          Q30G
              ________      ________      ________      ________      ________
 Q30E           1.018
 Q30F           0.434         1.224
 Q30C           0.325         0.323         1.036
 Q30D           0.246         0.290         0.257         0.801
 Q30G           0.273         0.388         0.247         0.342         1.139
 Q37            0.124         0.058         0.108         0.149        -0.005


           Covariances
              Q37
              ________
 Q37            0.823


           Correlations
              EDUC          Q9            Q20           Q23           Q24
              ________      ________      ________      ________      ________
 EDUC           1.000
 Q9            -0.175         1.000
 Q20           -0.201         0.168         1.000
 Q23           -0.169         0.346         0.206         1.000
 Q24           -0.022        -0.411        -0.082        -0.268         1.000
 Q4            -0.032         0.051         0.006         0.079         0.039
 Q44           -0.139         0.029         0.076         0.074         0.077
 Q45           -0.121         0.008         0.092         0.035         0.048
 Q46           -0.022         0.008         0.122         0.090         0.005
 Q47            0.016        -0.007         0.090         0.103         0.041
 Q1            -0.142         0.053         0.109         0.068        -0.074
 Q2A           -0.062         0.031         0.107         0.070        -0.062
 Q2B           -0.134         0.104         0.192         0.128        -0.095
 Q30A           0.093        -0.002         0.089         0.037         0.017
 Q30B          -0.020         0.011         0.113         0.055         0.015
 Q30E           0.010         0.022         0.159         0.078        -0.012
 Q30F           0.006         0.037         0.136         0.029         0.022
 Q30C          -0.021         0.048         0.129        -0.009         0.020
 Q30D          -0.092         0.010         0.167         0.100        -0.026
 Q30G          -0.041         0.080         0.164         0.051        -0.011
 Q37           -0.077         0.097         0.147         0.100         0.032


           Correlations
              Q4            Q44           Q45           Q46           Q47
              ________      ________      ________      ________      ________
 Q4             1.000
 Q44            0.107         1.000
 Q45           -0.018         0.339         1.000
 Q46            0.084         0.106         0.086         1.000
 Q47            0.070         0.133         0.085         0.190         1.000
 Q1             0.059         0.129         0.079         0.067         0.011
 Q2A            0.043         0.125         0.096         0.046        -0.005
 Q2B            0.076         0.137         0.069         0.022        -0.005
 Q30A           0.013         0.011         0.024         0.047         0.092
 Q30B           0.017         0.065         0.009         0.034        -0.010
 Q30E           0.016         0.094         0.052         0.017         0.079
 Q30F           0.010         0.077         0.044         0.049         0.091
 Q30C           0.063         0.090         0.034         0.005         0.050
 Q30D           0.012         0.139         0.069         0.122         0.130
 Q30G          -0.016         0.066         0.015         0.062         0.058
 Q37            0.031         0.093         0.073         0.092         0.076


           Correlations
              Q1            Q2A           Q2B           Q30A          Q30B
              ________      ________      ________      ________      ________
 Q1             1.000
 Q2A            0.282         1.000
 Q2B            0.346         0.300         1.000
 Q30A           0.023         0.022         0.004         1.000
 Q30B           0.098         0.041         0.035         0.257         1.000
 Q30E           0.053         0.086         0.051         0.340         0.411
 Q30F           0.067         0.071         0.049         0.361         0.344
 Q30C           0.059         0.114         0.016         0.215         0.228
 Q30D           0.098         0.099         0.060         0.183         0.291
 Q30G           0.033        -0.002         0.040         0.176         0.224
 Q37            0.193         0.165         0.172         0.000         0.078


           Correlations
              Q30E          Q30F          Q30C          Q30D          Q30G
              ________      ________      ________      ________      ________
 Q30E           1.000
 Q30F           0.389         1.000
 Q30C           0.317         0.287         1.000
 Q30D           0.272         0.292         0.282         1.000
 Q30G           0.254         0.329         0.227         0.358         1.000
 Q37            0.135         0.058         0.117         0.183        -0.005


           Correlations
              Q37
              ________
 Q37            1.000


     MAXIMUM LOG-LIKELIHOOD VALUE FOR THE UNRESTRICTED (H1) MODEL IS  -56829.657


THE MODEL ESTIMATION TERMINATED NORMALLY



MODEL FIT INFORMATION

Number of Free Parameters                       77

Loglikelihood

          H0 Value                      -57118.741
          H1 Value                      -56829.657

Information Criteria

          Akaike (AIC)                  114391.482
          Bayesian (BIC)                114822.829
          Sample-Size Adjusted BIC      114578.195
            (n* = (n + 2) / 24)

Chi-Square Test of Model Fit

          Value                            578.168
          Degrees of Freedom                   175
          P-Value                           0.0000

RMSEA (Root Mean Square Error Of Approximation)

          Estimate                           0.034
          90 Percent C.I.                    0.031  0.037
          Probability RMSEA <= .05           1.000

CFI/TLI

          CFI                                0.893
          TLI                                0.871

Chi-Square Test of Model Fit for the Baseline Model

          Value                           3964.230
          Degrees of Freedom                   210
          P-Value                           0.0000

SRMR (Standardized Root Mean Square Residual)

          Value                              0.048



MODEL RESULTS

                                                    Two-Tailed
                    Estimate       S.E.  Est./S.E.    P-Value

 EDU      BY
    EDUC               1.000      0.000    999.000    999.000
    Q9                -0.536      0.082     -6.566      0.000
    Q20               -0.980      0.120     -8.136      0.000
    Q23               -1.211      0.158     -7.657      0.000
    Q24                0.200      0.091      2.196      0.028

 GENDER   BY
    Q4                 1.000      0.000    999.000    999.000
    Q44                5.218      1.210      4.313      0.000
    Q45                3.289      0.790      4.164      0.000
    Q46                1.016      0.297      3.418      0.001
    Q47                0.781      0.224      3.480      0.001

 PREDISPO BY
    Q1                 1.000      0.000    999.000    999.000
    Q2A                0.889      0.068     13.114      0.000
    Q2B                1.314      0.099     13.260      0.000

 EXPECTAT BY
    Q30A               1.000      0.000    999.000    999.000
    Q30B               1.130      0.076     14.886      0.000
    Q30E               1.324      0.083     16.046      0.000
    Q30F               1.420      0.088     16.218      0.000

 SATISFAC BY
    Q30C               1.000      0.000    999.000    999.000
    Q30D               1.063      0.077     13.873      0.000
    Q30G               1.112      0.085     13.071      0.000

 PAY      BY
    Q37                1.000      0.000    999.000    999.000

 GENDER   WITH
    EDU               -0.053      0.016     -3.351      0.001

 PREDISPO WITH
    EDU               -0.224      0.031     -7.155      0.000
    GENDER             0.057      0.015      3.794      0.000

 EXPECTAT WITH
    EDU               -0.079      0.016     -4.871      0.000
    GENDER             0.020      0.007      2.941      0.003
    PREDISPO           0.052      0.014      3.841      0.000

 SATISFAC WITH
    EDU               -0.134      0.021     -6.411      0.000
    GENDER             0.033      0.009      3.482      0.000
    PREDISPO           0.065      0.016      4.200      0.000
    EXPECTAT           0.201      0.018     11.342      0.000

 PAY      WITH
    EDU               -0.151      0.029     -5.146      0.000
    GENDER             0.036      0.012      2.972      0.003
    PREDISPO           0.198      0.026      7.520      0.000
    EXPECTAT           0.057      0.016      3.653      0.000
    SATISFAC           0.087      0.020      4.404      0.000

 Intercepts
    EDUC               4.772      0.042    114.453      0.000
    Q9                 1.429      0.033     43.181      0.000
    Q20                1.901      0.029     65.656      0.000
    Q23                2.929      0.052     55.911      0.000
    Q24                2.369      0.037     63.831      0.000
    Q4                 2.505      0.043     58.835      0.000
    Q44                2.299      0.042     54.798      0.000
    Q45                2.118      0.039     53.840      0.000
    Q46                3.116      0.034     91.696      0.000
    Q47                2.841      0.025    112.300      0.000
    Q1                 1.943      0.028     70.437      0.000
    Q2A                1.505      0.028     53.342      0.000
    Q2B                2.322      0.033     69.906      0.000
    Q30A               2.425      0.024    100.977      0.000
    Q30B               1.854      0.024     78.760      0.000
    Q30E               1.951      0.024     80.991      0.000
    Q30F               2.225      0.026     84.235      0.000
    Q30C               1.931      0.024     79.501      0.000
    Q30D               1.705      0.021     79.875      0.000
    Q30G               2.243      0.025     88.081      0.000
    Q37                1.548      0.025     62.182      0.000

 Variances
    EDU                0.506      0.090      5.613      0.000
    GENDER             0.063      0.028      2.232      0.026
    PREDISPO           0.485      0.050      9.681      0.000
    EXPECTAT           0.249      0.026      9.428      0.000
    SATISFAC           0.256      0.029      8.967      0.000
    PAY                0.819      0.032     25.208      0.000

 Residual Variances
    EDUC               2.974      0.117     25.418      0.000
    Q9                 0.591      0.037     15.856      0.000
    Q20                1.193      0.067     17.750      0.000
    Q23                3.072      0.157     19.582      0.000
    Q24                1.534      0.064     23.969      0.000
    Q4                 3.568      0.114     31.227      0.000
    Q44                1.819      0.203      8.941      0.000
    Q45                2.422      0.106     22.865      0.000
    Q46                1.442      0.059     24.389      0.000
    Q47                0.798      0.033     24.402      0.000
    Q1                 1.038      0.048     21.431      0.000
    Q2A                1.211      0.049     24.957      0.000
    Q2B                1.371      0.074     18.430      0.000
    Q30A               0.761      0.029     26.018      0.000
    Q30B               0.653      0.027     24.247      0.000
    Q30E               0.580      0.028     21.087      0.000
    Q30F               0.721      0.033     21.672      0.000
    Q30C               0.779      0.031     24.948      0.000
    Q30D               0.511      0.025     20.623      0.000
    Q30G               0.822      0.035     23.687      0.000
    Q37                0.000      0.000    999.000    999.000


STANDARDIZED MODEL RESULTS


STDYX Standardization

                                                    Two-Tailed
                    Estimate       S.E.  Est./S.E.    P-Value

 EDU      BY
    EDUC               0.381      0.032     11.738      0.000
    Q9                -0.444      0.053     -8.344      0.000
    Q20               -0.538      0.035    -15.533      0.000
    Q23               -0.441      0.039    -11.352      0.000
    Q24                0.114      0.049      2.302      0.021

 GENDER   BY
    Q4                 0.131      0.029      4.496      0.000
    Q44                0.696      0.041     16.791      0.000
    Q45                0.468      0.031     15.228      0.000
    Q46                0.207      0.040      5.124      0.000
    Q47                0.214      0.040      5.396      0.000

 PREDISPO BY
    Q1                 0.564      0.026     21.940      0.000
    Q2A                0.490      0.026     19.197      0.000
    Q2B                0.616      0.026     23.508      0.000

 EXPECTAT BY
    Q30A               0.497      0.023     21.843      0.000
    Q30B               0.573      0.021     26.975      0.000
    Q30E               0.655      0.020     32.954      0.000
    Q30F               0.641      0.020     31.752      0.000

 SATISFAC BY
    Q30C               0.497      0.024     20.450      0.000
    Q30D               0.601      0.024     25.040      0.000
    Q30G               0.527      0.024     21.547      0.000

 PAY      BY
    Q37                1.000      0.000    999.000    999.000

 GENDER   WITH
    EDU               -0.296      0.048     -6.234      0.000

 PREDISPO WITH
    EDU               -0.453      0.042    -10.882      0.000
    GENDER             0.326      0.038      8.521      0.000

 EXPECTAT WITH
    EDU               -0.222      0.044     -5.108      0.000
    GENDER             0.157      0.039      4.030      0.000
    PREDISPO           0.150      0.037      4.030      0.000

 SATISFAC WITH
    EDU               -0.371      0.047     -7.973      0.000
    GENDER             0.258      0.043      5.992      0.000
    PREDISPO           0.186      0.041      4.488      0.000
    EXPECTAT           0.795      0.028     27.935      0.000

 PAY      WITH
    EDU               -0.235      0.040     -5.815      0.000
    GENDER             0.159      0.039      4.078      0.000
    PREDISPO           0.314      0.036      8.764      0.000
    EXPECTAT           0.127      0.034      3.745      0.000
    SATISFAC           0.189      0.041      4.659      0.000

 Intercepts
    EDUC               2.558      0.046     55.377      0.000
    Q9                 1.667      0.049     34.271      0.000
    Q20                1.467      0.032     45.561      0.000
    Q23                1.500      0.039     38.027      0.000
    Q24                1.900      0.050     38.083      0.000
    Q4                 1.315      0.031     43.088      0.000
    Q44                1.225      0.030     41.424      0.000
    Q45                1.203      0.029     41.005      0.000
    Q46                2.538      0.057     44.765      0.000
    Q47                3.107      0.067     46.591      0.000
    Q1                 1.574      0.033     47.072      0.000
    Q2A                1.192      0.029     40.784      0.000
    Q2B                1.562      0.033     46.913      0.000
    Q30A               2.413      0.047     51.024      0.000
    Q30B               1.882      0.040     47.279      0.000
    Q30E               1.935      0.041     47.745      0.000
    Q30F               2.012      0.042     48.386      0.000
    Q30C               1.898      0.040     47.429      0.000
    Q30D               1.906      0.040     47.500      0.000
    Q30G               2.103      0.043     49.075      0.000
    Q37                1.711      0.043     40.051      0.000

 Variances
    EDU                1.000      0.000    999.000    999.000
    GENDER             1.000      0.000    999.000    999.000
    PREDISPO           1.000      0.000    999.000    999.000
    EXPECTAT           1.000      0.000    999.000    999.000
    SATISFAC           1.000      0.000    999.000    999.000
    PAY                1.000      0.000    999.000    999.000

 Residual Variances
    EDUC               0.855      0.025     34.520      0.000
    Q9                 0.803      0.047     16.970      0.000
    Q20                0.710      0.037     19.058      0.000
    Q23                0.805      0.034     23.502      0.000
    Q24                0.987      0.011     87.562      0.000
    Q4                 0.983      0.008    128.052      0.000
    Q44                0.516      0.058      8.953      0.000
    Q45                0.781      0.029     27.210      0.000
    Q46                0.957      0.017     57.095      0.000
    Q47                0.954      0.017     56.422      0.000
    Q1                 0.682      0.029     23.475      0.000
    Q2A                0.760      0.025     30.333      0.000
    Q2B                0.621      0.032     19.235      0.000
    Q30A               0.753      0.023     33.361      0.000
    Q30B               0.672      0.024     27.650      0.000
    Q30E               0.570      0.026     21.879      0.000
    Q30F               0.589      0.026     22.788      0.000
    Q30C               0.753      0.024     31.154      0.000
    Q30D               0.639      0.029     22.154      0.000
    Q30G               0.722      0.026     27.988      0.000
    Q37                0.000    999.000    999.000    999.000


STDY Standardization

                                                    Two-Tailed
                    Estimate       S.E.  Est./S.E.    P-Value

 EDU      BY
    EDUC               0.381      0.032     11.738      0.000
    Q9                -0.444      0.053     -8.344      0.000
    Q20               -0.538      0.035    -15.533      0.000
    Q23               -0.441      0.039    -11.352      0.000
    Q24                0.114      0.049      2.302      0.021

 GENDER   BY
    Q4                 0.131      0.029      4.496      0.000
    Q44                0.696      0.041     16.791      0.000
    Q45                0.468      0.031     15.228      0.000
    Q46                0.207      0.040      5.124      0.000
    Q47                0.214      0.040      5.396      0.000

 PREDISPO BY
    Q1                 0.564      0.026     21.940      0.000
    Q2A                0.490      0.026     19.197      0.000
    Q2B                0.616      0.026     23.508      0.000

 EXPECTAT BY
    Q30A               0.497      0.023     21.843      0.000
    Q30B               0.573      0.021     26.975      0.000
    Q30E               0.655      0.020     32.954      0.000
    Q30F               0.641      0.020     31.752      0.000

 SATISFAC BY
    Q30C               0.497      0.024     20.450      0.000
    Q30D               0.601      0.024     25.040      0.000
    Q30G               0.527      0.024     21.547      0.000

 PAY      BY
    Q37                1.000      0.000    999.000    999.000

 GENDER   WITH
    EDU               -0.296      0.048     -6.234      0.000

 PREDISPO WITH
    EDU               -0.453      0.042    -10.882      0.000
    GENDER             0.326      0.038      8.521      0.000

 EXPECTAT WITH
    EDU               -0.222      0.044     -5.108      0.000
    GENDER             0.157      0.039      4.030      0.000
    PREDISPO           0.150      0.037      4.030      0.000

 SATISFAC WITH
    EDU               -0.371      0.047     -7.973      0.000
    GENDER             0.258      0.043      5.992      0.000
    PREDISPO           0.186      0.041      4.488      0.000
    EXPECTAT           0.795      0.028     27.935      0.000

 PAY      WITH
    EDU               -0.235      0.040     -5.815      0.000
    GENDER             0.159      0.039      4.078      0.000
    PREDISPO           0.314      0.036      8.764      0.000
    EXPECTAT           0.127      0.034      3.745      0.000
    SATISFAC           0.189      0.041      4.659      0.000

 Intercepts
    EDUC               2.558      0.046     55.377      0.000
    Q9                 1.667      0.049     34.271      0.000
    Q20                1.467      0.032     45.561      0.000
    Q23                1.500      0.039     38.027      0.000
    Q24                1.900      0.050     38.083      0.000
    Q4                 1.315      0.031     43.088      0.000
    Q44                1.225      0.030     41.424      0.000
    Q45                1.203      0.029     41.005      0.000
    Q46                2.538      0.057     44.765      0.000
    Q47                3.107      0.067     46.591      0.000
    Q1                 1.574      0.033     47.072      0.000
    Q2A                1.192      0.029     40.784      0.000
    Q2B                1.562      0.033     46.913      0.000
    Q30A               2.413      0.047     51.024      0.000
    Q30B               1.882      0.040     47.279      0.000
    Q30E               1.935      0.041     47.745      0.000
    Q30F               2.012      0.042     48.386      0.000
    Q30C               1.898      0.040     47.429      0.000
    Q30D               1.906      0.040     47.500      0.000
    Q30G               2.103      0.043     49.075      0.000
    Q37                1.711      0.043     40.051      0.000

 Variances
    EDU                1.000      0.000    999.000    999.000
    GENDER             1.000      0.000    999.000    999.000
    PREDISPO           1.000      0.000    999.000    999.000
    EXPECTAT           1.000      0.000    999.000    999.000
    SATISFAC           1.000      0.000    999.000    999.000
    PAY                1.000      0.000    999.000    999.000

 Residual Variances
    EDUC               0.855      0.025     34.520      0.000
    Q9                 0.803      0.047     16.970      0.000
    Q20                0.710      0.037     19.058      0.000
    Q23                0.805      0.034     23.502      0.000
    Q24                0.987      0.011     87.562      0.000
    Q4                 0.983      0.008    128.052      0.000
    Q44                0.516      0.058      8.953      0.000
    Q45                0.781      0.029     27.210      0.000
    Q46                0.957      0.017     57.095      0.000
    Q47                0.954      0.017     56.422      0.000
    Q1                 0.682      0.029     23.475      0.000
    Q2A                0.760      0.025     30.333      0.000
    Q2B                0.621      0.032     19.235      0.000
    Q30A               0.753      0.023     33.361      0.000
    Q30B               0.672      0.024     27.650      0.000
    Q30E               0.570      0.026     21.879      0.000
    Q30F               0.589      0.026     22.788      0.000
    Q30C               0.753      0.024     31.154      0.000
    Q30D               0.639      0.029     22.154      0.000
    Q30G               0.722      0.026     27.988      0.000
    Q37              999.000    999.000    999.000    999.000


STD Standardization

                                                    Two-Tailed
                    Estimate       S.E.  Est./S.E.    P-Value

 EDU      BY
    EDUC               0.711      0.063     11.226      0.000
    Q9                -0.381      0.049     -7.702      0.000
    Q20               -0.697      0.048    -14.511      0.000
    Q23               -0.861      0.081    -10.620      0.000
    Q24                0.142      0.062      2.289      0.022

 GENDER   BY
    Q4                 0.250      0.056      4.463      0.000
    Q44                1.306      0.083     15.705      0.000
    Q45                0.823      0.058     14.210      0.000
    Q46                0.254      0.051      5.035      0.000
    Q47                0.195      0.037      5.294      0.000

 PREDISPO BY
    Q1                 0.696      0.036     19.361      0.000
    Q2A                0.619      0.036     17.296      0.000
    Q2B                0.915      0.045     20.544      0.000

 EXPECTAT BY
    Q30A               0.499      0.026     18.856      0.000
    Q30B               0.564      0.026     22.116      0.000
    Q30E               0.661      0.026     25.539      0.000
    Q30F               0.709      0.028     24.884      0.000

 SATISFAC BY
    Q30C               0.506      0.028     17.934      0.000
    Q30D               0.538      0.025     21.090      0.000
    Q30G               0.562      0.030     18.718      0.000

 PAY      BY
    Q37                0.905      0.018     50.417      0.000

 GENDER   WITH
    EDU               -0.296      0.048     -6.234      0.000

 PREDISPO WITH
    EDU               -0.453      0.042    -10.882      0.000
    GENDER             0.326      0.038      8.521      0.000

 EXPECTAT WITH
    EDU               -0.222      0.044     -5.108      0.000
    GENDER             0.157      0.039      4.030      0.000
    PREDISPO           0.150      0.037      4.030      0.000

 SATISFAC WITH
    EDU               -0.371      0.047     -7.973      0.000
    GENDER             0.258      0.043      5.992      0.000
    PREDISPO           0.186      0.041      4.488      0.000
    EXPECTAT           0.795      0.028     27.935      0.000

 PAY      WITH
    EDU               -0.235      0.040     -5.815      0.000
    GENDER             0.159      0.039      4.078      0.000
    PREDISPO           0.314      0.036      8.764      0.000
    EXPECTAT           0.127      0.034      3.745      0.000
    SATISFAC           0.189      0.041      4.659      0.000

 Intercepts
    EDUC               4.772      0.042    114.453      0.000
    Q9                 1.429      0.033     43.181      0.000
    Q20                1.901      0.029     65.656      0.000
    Q23                2.929      0.052     55.911      0.000
    Q24                2.369      0.037     63.831      0.000
    Q4                 2.505      0.043     58.835      0.000
    Q44                2.299      0.042     54.798      0.000
    Q45                2.118      0.039     53.840      0.000
    Q46                3.116      0.034     91.696      0.000
    Q47                2.841      0.025    112.300      0.000
    Q1                 1.943      0.028     70.437      0.000
    Q2A                1.505      0.028     53.342      0.000
    Q2B                2.322      0.033     69.906      0.000
    Q30A               2.425      0.024    100.977      0.000
    Q30B               1.854      0.024     78.760      0.000
    Q30E               1.951      0.024     80.991      0.000
    Q30F               2.225      0.026     84.235      0.000
    Q30C               1.931      0.024     79.501      0.000
    Q30D               1.705      0.021     79.875      0.000
    Q30G               2.243      0.025     88.081      0.000
    Q37                1.548      0.025     62.182      0.000

 Variances
    EDU                1.000      0.000    999.000    999.000
    GENDER             1.000      0.000    999.000    999.000
    PREDISPO           1.000      0.000    999.000    999.000
    EXPECTAT           1.000      0.000    999.000    999.000
    SATISFAC           1.000      0.000    999.000    999.000
    PAY                1.000      0.000    999.000    999.000

 Residual Variances
    EDUC               2.974      0.117     25.418      0.000
    Q9                 0.591      0.037     15.856      0.000
    Q20                1.193      0.067     17.750      0.000
    Q23                3.072      0.157     19.582      0.000
    Q24                1.534      0.064     23.969      0.000
    Q4                 3.568      0.114     31.227      0.000
    Q44                1.819      0.203      8.941      0.000
    Q45                2.422      0.106     22.865      0.000
    Q46                1.442      0.059     24.389      0.000
    Q47                0.798      0.033     24.402      0.000
    Q1                 1.038      0.048     21.431      0.000
    Q2A                1.211      0.049     24.957      0.000
    Q2B                1.371      0.074     18.430      0.000
    Q30A               0.761      0.029     26.018      0.000
    Q30B               0.653      0.027     24.247      0.000
    Q30E               0.580      0.028     21.087      0.000
    Q30F               0.721      0.033     21.672      0.000
    Q30C               0.779      0.031     24.948      0.000
    Q30D               0.511      0.025     20.623      0.000
    Q30G               0.822      0.035     23.687      0.000
    Q37              999.000    999.000    999.000    999.000


R-SQUARE

    Observed                                        Two-Tailed
    Variable        Estimate       S.E.  Est./S.E.    P-Value

    EDUC               0.145      0.025      5.869      0.000
    Q9                 0.197      0.047      4.172      0.000
    Q20                0.290      0.037      7.767      0.000
    Q23                0.195      0.034      5.676      0.000
    Q24                0.013      0.011      1.151      0.250
    Q4                 0.017      0.008      2.248      0.025
    Q44                0.484      0.058      8.395      0.000
    Q45                0.219      0.029      7.614      0.000
    Q46                0.043      0.017      2.562      0.010
    Q47                0.046      0.017      2.698      0.007
    Q1                 0.318      0.029     10.970      0.000
    Q2A                0.240      0.025      9.599      0.000
    Q2B                0.379      0.032     11.754      0.000
    Q30A               0.247      0.023     10.922      0.000
    Q30B               0.328      0.024     13.488      0.000
    Q30E               0.430      0.026     16.477      0.000
    Q30F               0.411      0.026     15.876      0.000
    Q30C               0.247      0.024     10.225      0.000
    Q30D               0.361      0.029     12.520      0.000
    Q30G               0.278      0.026     10.774      0.000
    Q37                1.000    999.000    999.000    999.000


QUALITY OF NUMERICAL RESULTS

     Condition Number for the Information Matrix              0.211E-04
       (ratio of smallest to largest eigenvalue)


MODEL MODIFICATION INDICES

NOTE:  Modification indices for direct effects of observed dependent variables
regressed on covariates may not be included.  To include these, request
MODINDICES (ALL).

Minimum M.I. value for printing the modification index    10.000

                            M.I.     E.P.C.  Std E.P.C.  StdYX E.P.C.

BY Statements

GENDER   BY EDUC           14.951    -1.003     -0.251       -0.135
GENDER   BY Q24            13.875     0.785      0.197        0.158
EXPECTAT BY EDUC           22.048     0.544      0.272        0.146
EXPECTAT BY Q20            35.751     0.550      0.275        0.212
EXPECTAT BY Q30C           20.967     0.768      0.383        0.377
EXPECTAT BY Q30D           22.700    -0.819     -0.409       -0.457
SATISFAC BY EDUC           12.260     0.453      0.229        0.123
SATISFAC BY Q20            34.460     0.610      0.308        0.238
SATISFAC BY Q30A           13.097    -0.518     -0.262       -0.260
PAY      BY Q30D           14.300     0.113      0.103        0.115
PAY      BY Q30G           24.632    -0.168     -0.152       -0.143

WITH Statements

Q23      WITH Q9           17.004     0.263      0.263        0.196
Q24      WITH EDUC         12.420    -0.237     -0.237       -0.111
Q24      WITH Q23          16.692    -0.290     -0.290       -0.134
Q45      WITH Q4           22.200    -0.359     -0.359       -0.122
Q45      WITH Q44          28.737     1.379      1.379        0.657
Q46      WITH Q44          12.235    -0.299     -0.299       -0.184
Q47      WITH Q46          31.095     0.172      0.172        0.161
Q30A     WITH EDUC         22.912     0.188      0.188        0.125
Q30E     WITH Q30B         12.773     0.079      0.079        0.128
Q30F     WITH Q30A         12.992     0.085      0.085        0.115
Q30F     WITH Q30E         15.082    -0.103     -0.103       -0.158
Q30C     WITH Q23          10.664    -0.159     -0.159       -0.103
Q30C     WITH Q2A          12.562     0.094      0.094        0.096
Q30C     WITH Q30E         10.978     0.067      0.067        0.100
Q30G     WITH Q30F         18.127     0.099      0.099        0.129
Q30G     WITH Q30D         17.059     0.105      0.105        0.161
Q37      WITH Q30G         20.229    -0.118     -0.118      999.000


DIAGRAM INFORMATION

  Use View Diagram under the Diagram menu in the Mplus Editor to view the diagram.
  If running Mplus from the Mplus Diagrammer, the diagram opens automatically.

  Diagram output
    c:\chao doc\skb\hui li\apr\cfa1.dgm

     Beginning Time:  17:40:35
        Ending Time:  17:40:36
       Elapsed Time:  00:00:01



MUTHEN & MUTHEN
3463 Stoner Ave.
Los Angeles, CA  90066

Tel: (310) 391-9971
Fax: (310) 391-8971
Web: www.StatModel.com
Support: Support@StatModel.com

Copyright (c) 1998-2012 Muthen & Muthen
