Mplus VERSION 7
MUTHEN & MUTHEN
04/26/2020   5:42 PM

INPUT INSTRUCTIONS

  title: Hui Project;

  data: file is Hui Project.dat;

  variable:
  names are
  educ q9  q20 q23 q24
  q4  q44 q45 q46 q47
  q1 q2a q2b
  q30a  q30b  q30e  q30f
  q2c q30c  q30d  q30g
  q37
  sex q43;

  Usevariables are
  educ q9  q23 q24
  q4  q44 q45 q46 q47
  q1 q2a q2b
  q30a  q30b  q30e  q30f
  q30c  q30d  q30g
  q37;

  MISSING ARE all (-99);

  analysis: type=general;

  model:

  EDU by educ q9  q23 q24;
  GENDER by q4  q44 q45 q46 q47;
  PREDISPO by q1 q2a q2b;
  EXPECTAT by q30a  q30b  q30e  q30f;
  SATISFAC by q30c  q30d  q30g;
  PAY by q37@1;q37@0;

  output:
  sampstat modindices standardized ;



INPUT READING TERMINATED NORMALLY



Hui Project;

SUMMARY OF ANALYSIS

Number of groups                                                 1
Number of observations                                        2002

Number of dependent variables                                   20
Number of independent variables                                  0
Number of continuous latent variables                            6

Observed dependent variables

  Continuous
   EDUC        Q9          Q23         Q24         Q4          Q44
   Q45         Q46         Q47         Q1          Q2A         Q2B
   Q30A        Q30B        Q30E        Q30F        Q30C        Q30D
   Q30G        Q37

Continuous latent variables
   EDU         GENDER      PREDISPO    EXPECTAT    SATISFAC    PAY


Estimator                                                       ML
Information matrix                                        OBSERVED
Maximum number of iterations                                  1000
Convergence criterion                                    0.500D-04
Maximum number of steepest descent iterations                   20
Maximum number of iterations for H1                           2000
Convergence criterion for H1                             0.100D-03

Input data file(s)
  Hui Project.dat

Input data format  FREE


SUMMARY OF DATA

     Number of missing data patterns            17


COVARIANCE COVERAGE OF DATA

Minimum covariance coverage value   0.100


     PROPORTION OF DATA PRESENT


           Covariance Coverage
              EDUC          Q9            Q23           Q24           Q4
              ________      ________      ________      ________      ________
 EDUC           1.000
 Q9             0.461         0.461
 Q23            0.674         0.349         0.674
 Q24            0.592         0.315         0.592         0.592
 Q4             1.000         0.461         0.674         0.592         1.000
 Q44            1.000         0.461         0.674         0.592         1.000
 Q45            1.000         0.461         0.674         0.592         1.000
 Q46            0.650         0.347         0.513         0.460         0.650
 Q47            0.650         0.347         0.513         0.460         0.650
 Q1             1.000         0.461         0.674         0.592         1.000
 Q2A            1.000         0.461         0.674         0.592         1.000
 Q2B            1.000         0.461         0.674         0.592         1.000
 Q30A           0.874         0.411         0.650         0.569         0.874
 Q30B           0.874         0.411         0.650         0.569         0.874
 Q30E           0.874         0.411         0.650         0.569         0.874
 Q30F           0.874         0.411         0.650         0.569         0.874
 Q30C           0.874         0.411         0.650         0.569         0.874
 Q30D           0.874         0.411         0.650         0.569         0.874
 Q30G           0.874         0.411         0.650         0.569         0.874
 Q37            0.650         0.347         0.513         0.460         0.650


           Covariance Coverage
              Q44           Q45           Q46           Q47           Q1
              ________      ________      ________      ________      ________
 Q44            1.000
 Q45            1.000         1.000
 Q46            0.650         0.650         0.650
 Q47            0.650         0.650         0.650         0.650
 Q1             1.000         1.000         0.650         0.650         1.000
 Q2A            1.000         1.000         0.650         0.650         1.000
 Q2B            1.000         1.000         0.650         0.650         1.000
 Q30A           0.874         0.874         0.650         0.650         0.874
 Q30B           0.874         0.874         0.650         0.650         0.874
 Q30E           0.874         0.874         0.650         0.650         0.874
 Q30F           0.874         0.874         0.650         0.650         0.874
 Q30C           0.874         0.874         0.650         0.650         0.874
 Q30D           0.874         0.874         0.650         0.650         0.874
 Q30G           0.874         0.874         0.650         0.650         0.874
 Q37            0.650         0.650         0.650         0.650         0.650


           Covariance Coverage
              Q2A           Q2B           Q30A          Q30B          Q30E
              ________      ________      ________      ________      ________
 Q2A            1.000
 Q2B            1.000         1.000
 Q30A           0.874         0.874         0.874
 Q30B           0.874         0.874         0.874         0.874
 Q30E           0.874         0.874         0.874         0.874         0.874
 Q30F           0.874         0.874         0.874         0.874         0.874
 Q30C           0.874         0.874         0.874         0.874         0.874
 Q30D           0.874         0.874         0.874         0.874         0.874
 Q30G           0.874         0.874         0.874         0.874         0.874
 Q37            0.650         0.650         0.650         0.650         0.650


           Covariance Coverage
              Q30F          Q30C          Q30D          Q30G          Q37
              ________      ________      ________      ________      ________
 Q30F           0.874
 Q30C           0.874         0.874
 Q30D           0.874         0.874         0.874
 Q30G           0.874         0.874         0.874         0.874
 Q37            0.650         0.650         0.650         0.650         0.650


SAMPLE STATISTICS


     ESTIMATED SAMPLE STATISTICS


           Means
              EDUC          Q9            Q23           Q24           Q4
              ________      ________      ________      ________      ________
      1         4.772         1.432         2.937         2.294         2.505


           Means
              Q44           Q45           Q46           Q47           Q1
              ________      ________      ________      ________      ________
      1         2.299         2.118         3.119         2.840         1.943


           Means
              Q2A           Q2B           Q30A          Q30B          Q30E
              ________      ________      ________      ________      ________
      1         1.505         2.322         2.424         1.857         1.952


           Means
              Q30F          Q30C          Q30D          Q30G          Q37
              ________      ________      ________      ________      ________
      1         2.227         1.935         1.708         2.244         1.550


           Covariances
              EDUC          Q9            Q23           Q24           Q4
              ________      ________      ________      ________      ________
 EDUC           3.480
 Q9            -0.288         0.745
 Q23           -0.625         0.587         3.832
 Q24           -0.050        -0.462        -0.681         1.696
 Q4            -0.114         0.090         0.289         0.096         3.631
 Q44           -0.486         0.051         0.273         0.186         0.383
 Q45           -0.397         0.010         0.122         0.109        -0.061
 Q46           -0.050         0.008         0.226         0.000         0.194
 Q47            0.029        -0.007         0.190         0.046         0.120
 Q1            -0.326         0.056         0.169        -0.121         0.139
 Q2A           -0.145         0.031         0.180        -0.104         0.102
 Q2B           -0.371         0.130         0.374        -0.184         0.215
 Q30A           0.176        -0.006         0.075         0.022         0.020
 Q30B          -0.034         0.010         0.108         0.016         0.028
 Q30E           0.024         0.012         0.144        -0.013         0.024
 Q30F           0.016         0.027         0.066         0.032         0.016
 Q30C          -0.036         0.036        -0.024         0.028         0.117
 Q30D          -0.150         0.004         0.173        -0.033         0.015
 Q30G          -0.078         0.067         0.098        -0.012        -0.040
 Q37           -0.130         0.075         0.176         0.033         0.051


           Covariances
              Q44           Q45           Q46           Q47           Q1
              ________      ________      ________      ________      ________
 Q44            3.524
 Q45            1.121         3.099
 Q46            0.242         0.189         1.514
 Q47            0.227         0.139         0.214         0.843
 Q1             0.300         0.172         0.100         0.012         1.523
 Q2A            0.296         0.212         0.073        -0.006         0.439
 Q2B            0.382         0.181         0.045        -0.004         0.634
 Q30A           0.016         0.042         0.059         0.085         0.028
 Q30B           0.116         0.015         0.038        -0.011         0.119
 Q30E           0.173         0.094         0.018         0.071         0.065
 Q30F           0.154         0.087         0.061         0.090         0.091
 Q30C           0.167         0.061        -0.001         0.043         0.073
 Q30D           0.230         0.109         0.131         0.105         0.108
 Q30G           0.127         0.029         0.080         0.056         0.042
 Q37            0.156         0.119         0.101         0.062         0.215


           Covariances
              Q2A           Q2B           Q30A          Q30B          Q30E
              ________      ________      ________      ________      ________
 Q2A            1.594
 Q2B            0.563         2.208
 Q30A           0.029         0.008         1.010
 Q30B           0.052         0.054         0.254         0.971
 Q30E           0.110         0.079         0.345         0.408         1.017
 Q30F           0.099         0.083         0.402         0.375         0.434
 Q30C           0.147         0.026         0.220         0.228         0.324
 Q30D           0.112         0.082         0.164         0.256         0.245
 Q30G          -0.003         0.067         0.188         0.235         0.273
 Q37            0.189         0.235         0.001         0.068         0.122


           Covariances
              Q30F          Q30C          Q30D          Q30G          Q37
              ________      ________      ________      ________      ________
 Q30F           1.223
 Q30C           0.322         1.035
 Q30D           0.289         0.256         0.800
 Q30G           0.387         0.245         0.341         1.138
 Q37            0.055         0.104         0.147        -0.006         0.822


           Correlations
              EDUC          Q9            Q23           Q24           Q4
              ________      ________      ________      ________      ________
 EDUC           1.000
 Q9            -0.179         1.000
 Q23           -0.171         0.348         1.000
 Q24           -0.021        -0.411        -0.267         1.000
 Q4            -0.032         0.055         0.078         0.039         1.000
 Q44           -0.139         0.031         0.074         0.076         0.107
 Q45           -0.121         0.007         0.035         0.047        -0.018
 Q46           -0.022         0.008         0.094         0.000         0.083
 Q47            0.017        -0.008         0.105         0.038         0.069
 Q1            -0.142         0.053         0.070        -0.075         0.059
 Q2A           -0.062         0.028         0.073        -0.063         0.043
 Q2B           -0.134         0.101         0.129        -0.095         0.076
 Q30A           0.094        -0.006         0.038         0.017         0.010
 Q30B          -0.019         0.011         0.056         0.013         0.015
 Q30E           0.013         0.014         0.073        -0.010         0.012
 Q30F           0.008         0.028         0.031         0.022         0.008
 Q30C          -0.019         0.040        -0.012         0.021         0.060
 Q30D          -0.090         0.005         0.099        -0.028         0.009
 Q30G          -0.039         0.073         0.047        -0.009        -0.020
 Q37           -0.077         0.096         0.099         0.028         0.030


           Correlations
              Q44           Q45           Q46           Q47           Q1
              ________      ________      ________      ________      ________
 Q44            1.000
 Q45            0.339         1.000
 Q46            0.105         0.087         1.000
 Q47            0.132         0.086         0.189         1.000
 Q1             0.129         0.079         0.066         0.011         1.000
 Q2A            0.125         0.096         0.047        -0.005         0.282
 Q2B            0.137         0.069         0.025        -0.003         0.346
 Q30A           0.008         0.024         0.047         0.092         0.023
 Q30B           0.062         0.009         0.032        -0.012         0.098
 Q30E           0.091         0.053         0.014         0.077         0.053
 Q30F           0.074         0.045         0.045         0.088         0.067
 Q30C           0.088         0.034         0.000         0.046         0.058
 Q30D           0.137         0.070         0.119         0.128         0.098
 Q30G           0.063         0.015         0.061         0.057         0.032
 Q37            0.092         0.074         0.090         0.074         0.192


           Correlations
              Q2A           Q2B           Q30A          Q30B          Q30E
              ________      ________      ________      ________      ________
 Q2A            1.000
 Q2B            0.300         1.000
 Q30A           0.022         0.006         1.000
 Q30B           0.041         0.037         0.257         1.000
 Q30E           0.087         0.053         0.340         0.411         1.000
 Q30F           0.071         0.050         0.361         0.344         0.389
 Q30C           0.115         0.017         0.215         0.227         0.316
 Q30D           0.099         0.062         0.183         0.290         0.272
 Q30G          -0.002         0.042         0.176         0.223         0.253
 Q37            0.165         0.175         0.001         0.076         0.133


           Correlations
              Q30F          Q30C          Q30D          Q30G          Q37
              ________      ________      ________      ________      ________
 Q30F           1.000
 Q30C           0.286         1.000
 Q30D           0.292         0.281         1.000
 Q30G           0.328         0.226         0.358         1.000
 Q37            0.055         0.112         0.181        -0.006         1.000


     MAXIMUM LOG-LIKELIHOOD VALUE FOR THE UNRESTRICTED (H1) MODEL IS  -53614.697


THE MODEL ESTIMATION TERMINATED NORMALLY



MODEL FIT INFORMATION

Number of Free Parameters                       74

Loglikelihood

          H0 Value                      -53862.380
          H1 Value                      -53614.697

Information Criteria

          Akaike (AIC)                  107872.761
          Bayesian (BIC)                108287.301
          Sample-Size Adjusted BIC      108052.199
            (n* = (n + 2) / 24)

Chi-Square Test of Model Fit

          Value                            495.367
          Degrees of Freedom                   156
          P-Value                           0.0000

RMSEA (Root Mean Square Error Of Approximation)

          Estimate                           0.033
          90 Percent C.I.                    0.030  0.036
          Probability RMSEA <= .05           1.000

CFI/TLI

          CFI                                0.903
          TLI                                0.881

Chi-Square Test of Model Fit for the Baseline Model

          Value                           3675.847
          Degrees of Freedom                   190
          P-Value                           0.0000

SRMR (Standardized Root Mean Square Residual)

          Value                              0.042



MODEL RESULTS

                                                    Two-Tailed
                    Estimate       S.E.  Est./S.E.    P-Value

 EDU      BY
    EDUC               1.000      0.000    999.000    999.000
    Q9                -0.796      0.148     -5.370      0.000
    Q23               -1.973      0.502     -3.927      0.000
    Q24                0.551      0.216      2.555      0.011

 GENDER   BY
    Q4                 1.000      0.000    999.000    999.000
    Q44                5.279      1.211      4.359      0.000
    Q45                3.176      0.743      4.276      0.000
    Q46                0.961      0.282      3.411      0.001
    Q47                0.750      0.214      3.500      0.000

 PREDISPO BY
    Q1                 1.000      0.000    999.000    999.000
    Q2A                0.886      0.069     12.799      0.000
    Q2B                1.255      0.095     13.150      0.000

 EXPECTAT BY
    Q30A               1.000      0.000    999.000    999.000
    Q30B               1.128      0.076     14.891      0.000
    Q30E               1.321      0.082     16.057      0.000
    Q30F               1.419      0.087     16.236      0.000

 SATISFAC BY
    Q30C               1.000      0.000    999.000    999.000
    Q30D               1.055      0.077     13.732      0.000
    Q30G               1.096      0.085     12.948      0.000

 PAY      BY
    Q37                1.000      0.000    999.000    999.000

 GENDER   WITH
    EDU               -0.034      0.014     -2.346      0.019

 PREDISPO WITH
    EDU               -0.144      0.039     -3.682      0.000
    GENDER             0.058      0.015      3.850      0.000

 EXPECTAT WITH
    EDU               -0.021      0.014     -1.492      0.136
    GENDER             0.019      0.007      2.944      0.003
    PREDISPO           0.055      0.014      3.947      0.000

 SATISFAC WITH
    EDU               -0.052      0.019     -2.644      0.008
    GENDER             0.033      0.009      3.510      0.000
    PREDISPO           0.070      0.016      4.339      0.000
    EXPECTAT           0.203      0.018     11.345      0.000

 PAY      WITH
    EDU               -0.090      0.030     -3.006      0.003
    GENDER             0.036      0.012      2.957      0.003
    PREDISPO           0.204      0.027      7.605      0.000
    EXPECTAT           0.057      0.016      3.592      0.000
    SATISFAC           0.086      0.020      4.364      0.000

 Intercepts
    EDUC               4.772      0.042    114.453      0.000
    Q9                 1.434      0.039     36.666      0.000
    Q23                2.942      0.052     56.056      0.000
    Q24                2.327      0.041     56.355      0.000
    Q4                 2.505      0.043     58.835      0.000
    Q44                2.299      0.042     54.798      0.000
    Q45                2.118      0.039     53.839      0.000
    Q46                3.115      0.034     91.662      0.000
    Q47                2.841      0.025    112.274      0.000
    Q1                 1.943      0.028     70.437      0.000
    Q2A                1.505      0.028     53.342      0.000
    Q2B                2.322      0.033     69.906      0.000
    Q30A               2.426      0.024    100.987      0.000
    Q30B               1.855      0.024     78.774      0.000
    Q30E               1.952      0.024     81.002      0.000
    Q30F               2.226      0.026     84.246      0.000
    Q30C               1.932      0.024     79.502      0.000
    Q30D               1.706      0.021     79.866      0.000
    Q30G               2.244      0.025     88.074      0.000
    Q37                1.548      0.025     62.088      0.000

 Variances
    EDU                0.365      0.121      3.020      0.003
    GENDER             0.064      0.028      2.283      0.022
    PREDISPO           0.503      0.052      9.705      0.000
    EXPECTAT           0.250      0.026      9.443      0.000
    SATISFAC           0.259      0.029      8.972      0.000
    PAY                0.818      0.032     25.207      0.000

 Residual Variances
    EDUC               3.115      0.148     21.069      0.000
    Q9                 0.498      0.048     10.485      0.000
    Q23                2.410      0.309      7.810      0.000
    Q24                1.467      0.072     20.463      0.000
    Q4                 3.566      0.114     31.235      0.000
    Q44                1.731      0.218      7.950      0.000
    Q45                2.450      0.105     23.238      0.000
    Q46                1.447      0.059     24.491      0.000
    Q47                0.800      0.033     24.467      0.000
    Q1                 1.020      0.049     20.614      0.000
    Q2A                1.199      0.049     24.449      0.000
    Q2B                1.416      0.074     19.226      0.000
    Q30A               0.760      0.029     26.005      0.000
    Q30B               0.653      0.027     24.247      0.000
    Q30E               0.581      0.028     21.125      0.000
    Q30F               0.720      0.033     21.649      0.000
    Q30C               0.776      0.031     24.717      0.000
    Q30D               0.511      0.025     20.431      0.000
    Q30G               0.827      0.035     23.685      0.000
    Q37                0.000      0.000    999.000    999.000


STANDARDIZED MODEL RESULTS


STDYX Standardization

                                                    Two-Tailed
                    Estimate       S.E.  Est./S.E.    P-Value

 EDU      BY
    EDUC               0.324      0.053      6.119      0.000
    Q9                -0.563      0.059     -9.514      0.000
    Q23               -0.609      0.067     -9.074      0.000
    Q24                0.265      0.071      3.727      0.000

 GENDER   BY
    Q4                 0.133      0.029      4.603      0.000
    Q44                0.713      0.043     16.466      0.000
    Q45                0.458      0.031     14.865      0.000
    Q46                0.199      0.041      4.901      0.000
    Q47                0.208      0.040      5.245      0.000

 PREDISPO BY
    Q1                 0.575      0.026     21.978      0.000
    Q2A                0.498      0.026     19.246      0.000
    Q2B                0.599      0.026     22.748      0.000

 EXPECTAT BY
    Q30A               0.497      0.023     21.888      0.000
    Q30B               0.572      0.021     26.942      0.000
    Q30E               0.655      0.020     32.895      0.000
    Q30F               0.641      0.020     31.796      0.000

 SATISFAC BY
    Q30C               0.501      0.024     20.455      0.000
    Q30D               0.601      0.024     24.754      0.000
    Q30G               0.523      0.025     21.173      0.000

 PAY      BY
    Q37                1.000      0.000    999.000    999.000

 GENDER   WITH
    EDU               -0.220      0.056     -3.905      0.000

 PREDISPO WITH
    EDU               -0.335      0.052     -6.431      0.000
    GENDER             0.324      0.038      8.472      0.000

 EXPECTAT WITH
    EDU               -0.068      0.046     -1.478      0.139
    GENDER             0.154      0.039      3.977      0.000
    PREDISPO           0.155      0.037      4.145      0.000

 SATISFAC WITH
    EDU               -0.168      0.052     -3.222      0.001
    GENDER             0.253      0.043      5.921      0.000
    PREDISPO           0.193      0.041      4.646      0.000
    EXPECTAT           0.795      0.028     27.938      0.000

 PAY      WITH
    EDU               -0.165      0.043     -3.818      0.000
    GENDER             0.156      0.039      3.995      0.000
    PREDISPO           0.317      0.036      8.859      0.000
    EXPECTAT           0.125      0.034      3.679      0.000
    SATISFAC           0.188      0.041      4.608      0.000

 Intercepts
    EDUC               2.558      0.046     55.377      0.000
    Q9                 1.680      0.053     31.844      0.000
    Q23                1.504      0.039     38.180      0.000
    Q24                1.853      0.056     33.004      0.000
    Q4                 1.315      0.031     43.087      0.000
    Q44                1.225      0.030     41.424      0.000
    Q45                1.203      0.029     41.005      0.000
    Q46                2.538      0.057     44.759      0.000
    Q47                3.107      0.067     46.588      0.000
    Q1                 1.574      0.033     47.072      0.000
    Q2A                1.192      0.029     40.784      0.000
    Q2B                1.562      0.033     46.913      0.000
    Q30A               2.413      0.047     51.046      0.000
    Q30B               1.882      0.040     47.306      0.000
    Q30E               1.935      0.041     47.775      0.000
    Q30F               2.013      0.042     48.415      0.000
    Q30C               1.899      0.040     47.461      0.000
    Q30D               1.907      0.040     47.536      0.000
    Q30G               2.104      0.043     49.107      0.000
    Q37                1.711      0.043     40.034      0.000

 Variances
    EDU                1.000      0.000    999.000    999.000
    GENDER             1.000      0.000    999.000    999.000
    PREDISPO           1.000      0.000    999.000    999.000
    EXPECTAT           1.000      0.000    999.000    999.000
    SATISFAC           1.000      0.000    999.000    999.000
    PAY                1.000      0.000    999.000    999.000

 Residual Variances
    EDUC               0.895      0.034     26.141      0.000
    Q9                 0.683      0.067     10.250      0.000
    Q23                0.629      0.082      7.708      0.000
    Q24                0.930      0.038     24.678      0.000
    Q4                 0.982      0.008    127.512      0.000
    Q44                0.491      0.062      7.946      0.000
    Q45                0.791      0.028     28.044      0.000
    Q46                0.961      0.016     59.716      0.000
    Q47                0.957      0.016     58.015      0.000
    Q1                 0.670      0.030     22.282      0.000
    Q2A                0.752      0.026     29.254      0.000
    Q2B                0.641      0.032     20.314      0.000
    Q30A               0.753      0.023     33.302      0.000
    Q30B               0.672      0.024     27.658      0.000
    Q30E               0.571      0.026     21.934      0.000
    Q30F               0.589      0.026     22.750      0.000
    Q30C               0.749      0.024     30.596      0.000
    Q30D               0.639      0.029     21.923      0.000
    Q30G               0.726      0.026     28.101      0.000
    Q37                0.000    999.000    999.000    999.000


STDY Standardization

                                                    Two-Tailed
                    Estimate       S.E.  Est./S.E.    P-Value

 EDU      BY
    EDUC               0.324      0.053      6.119      0.000
    Q9                -0.563      0.059     -9.514      0.000
    Q23               -0.609      0.067     -9.074      0.000
    Q24                0.265      0.071      3.727      0.000

 GENDER   BY
    Q4                 0.133      0.029      4.603      0.000
    Q44                0.713      0.043     16.466      0.000
    Q45                0.458      0.031     14.865      0.000
    Q46                0.199      0.041      4.901      0.000
    Q47                0.208      0.040      5.245      0.000

 PREDISPO BY
    Q1                 0.575      0.026     21.978      0.000
    Q2A                0.498      0.026     19.246      0.000
    Q2B                0.599      0.026     22.748      0.000

 EXPECTAT BY
    Q30A               0.497      0.023     21.888      0.000
    Q30B               0.572      0.021     26.942      0.000
    Q30E               0.655      0.020     32.895      0.000
    Q30F               0.641      0.020     31.796      0.000

 SATISFAC BY
    Q30C               0.501      0.024     20.455      0.000
    Q30D               0.601      0.024     24.754      0.000
    Q30G               0.523      0.025     21.173      0.000

 PAY      BY
    Q37                1.000      0.000    999.000    999.000

 GENDER   WITH
    EDU               -0.220      0.056     -3.905      0.000

 PREDISPO WITH
    EDU               -0.335      0.052     -6.431      0.000
    GENDER             0.324      0.038      8.472      0.000

 EXPECTAT WITH
    EDU               -0.068      0.046     -1.478      0.139
    GENDER             0.154      0.039      3.977      0.000
    PREDISPO           0.155      0.037      4.145      0.000

 SATISFAC WITH
    EDU               -0.168      0.052     -3.222      0.001
    GENDER             0.253      0.043      5.921      0.000
    PREDISPO           0.193      0.041      4.646      0.000
    EXPECTAT           0.795      0.028     27.938      0.000

 PAY      WITH
    EDU               -0.165      0.043     -3.818      0.000
    GENDER             0.156      0.039      3.995      0.000
    PREDISPO           0.317      0.036      8.859      0.000
    EXPECTAT           0.125      0.034      3.679      0.000
    SATISFAC           0.188      0.041      4.608      0.000

 Intercepts
    EDUC               2.558      0.046     55.377      0.000
    Q9                 1.680      0.053     31.844      0.000
    Q23                1.504      0.039     38.180      0.000
    Q24                1.853      0.056     33.004      0.000
    Q4                 1.315      0.031     43.087      0.000
    Q44                1.225      0.030     41.424      0.000
    Q45                1.203      0.029     41.005      0.000
    Q46                2.538      0.057     44.759      0.000
    Q47                3.107      0.067     46.588      0.000
    Q1                 1.574      0.033     47.072      0.000
    Q2A                1.192      0.029     40.784      0.000
    Q2B                1.562      0.033     46.913      0.000
    Q30A               2.413      0.047     51.046      0.000
    Q30B               1.882      0.040     47.306      0.000
    Q30E               1.935      0.041     47.775      0.000
    Q30F               2.013      0.042     48.415      0.000
    Q30C               1.899      0.040     47.461      0.000
    Q30D               1.907      0.040     47.536      0.000
    Q30G               2.104      0.043     49.107      0.000
    Q37                1.711      0.043     40.034      0.000

 Variances
    EDU                1.000      0.000    999.000    999.000
    GENDER             1.000      0.000    999.000    999.000
    PREDISPO           1.000      0.000    999.000    999.000
    EXPECTAT           1.000      0.000    999.000    999.000
    SATISFAC           1.000      0.000    999.000    999.000
    PAY                1.000      0.000    999.000    999.000

 Residual Variances
    EDUC               0.895      0.034     26.141      0.000
    Q9                 0.683      0.067     10.250      0.000
    Q23                0.629      0.082      7.708      0.000
    Q24                0.930      0.038     24.678      0.000
    Q4                 0.982      0.008    127.512      0.000
    Q44                0.491      0.062      7.946      0.000
    Q45                0.791      0.028     28.044      0.000
    Q46                0.961      0.016     59.716      0.000
    Q47                0.957      0.016     58.015      0.000
    Q1                 0.670      0.030     22.282      0.000
    Q2A                0.752      0.026     29.254      0.000
    Q2B                0.641      0.032     20.314      0.000
    Q30A               0.753      0.023     33.302      0.000
    Q30B               0.672      0.024     27.658      0.000
    Q30E               0.571      0.026     21.934      0.000
    Q30F               0.589      0.026     22.750      0.000
    Q30C               0.749      0.024     30.596      0.000
    Q30D               0.639      0.029     21.923      0.000
    Q30G               0.726      0.026     28.101      0.000
    Q37              999.000    999.000    999.000    999.000


STD Standardization

                                                    Two-Tailed
                    Estimate       S.E.  Est./S.E.    P-Value

 EDU      BY
    EDUC               0.604      0.100      6.041      0.000
    Q9                -0.481      0.055     -8.734      0.000
    Q23               -1.191      0.138     -8.652      0.000
    Q24                0.333      0.092      3.624      0.000

 GENDER   BY
    Q4                 0.254      0.056      4.567      0.000
    Q44                1.339      0.087     15.461      0.000
    Q45                0.806      0.058     13.907      0.000
    Q46                0.244      0.051      4.823      0.000
    Q47                0.190      0.037      5.150      0.000

 PREDISPO BY
    Q1                 0.709      0.037     19.409      0.000
    Q2A                0.628      0.036     17.341      0.000
    Q2B                0.890      0.045     19.991      0.000

 EXPECTAT BY
    Q30A               0.500      0.026     18.885      0.000
    Q30B               0.564      0.026     22.096      0.000
    Q30E               0.660      0.026     25.506      0.000
    Q30F               0.709      0.028     24.907      0.000

 SATISFAC BY
    Q30C               0.509      0.028     17.943      0.000
    Q30D               0.537      0.026     20.920      0.000
    Q30G               0.558      0.030     18.465      0.000

 PAY      BY
    Q37                0.905      0.018     50.414      0.000

 GENDER   WITH
    EDU               -0.220      0.056     -3.905      0.000

 PREDISPO WITH
    EDU               -0.335      0.052     -6.431      0.000
    GENDER             0.324      0.038      8.472      0.000

 EXPECTAT WITH
    EDU               -0.068      0.046     -1.478      0.139
    GENDER             0.154      0.039      3.977      0.000
    PREDISPO           0.155      0.037      4.145      0.000

 SATISFAC WITH
    EDU               -0.168      0.052     -3.222      0.001
    GENDER             0.253      0.043      5.921      0.000
    PREDISPO           0.193      0.041      4.646      0.000
    EXPECTAT           0.795      0.028     27.938      0.000

 PAY      WITH
    EDU               -0.165      0.043     -3.818      0.000
    GENDER             0.156      0.039      3.995      0.000
    PREDISPO           0.317      0.036      8.859      0.000
    EXPECTAT           0.125      0.034      3.679      0.000
    SATISFAC           0.188      0.041      4.608      0.000

 Intercepts
    EDUC               4.772      0.042    114.453      0.000
    Q9                 1.434      0.039     36.666      0.000
    Q23                2.942      0.052     56.056      0.000
    Q24                2.327      0.041     56.355      0.000
    Q4                 2.505      0.043     58.835      0.000
    Q44                2.299      0.042     54.798      0.000
    Q45                2.118      0.039     53.839      0.000
    Q46                3.115      0.034     91.662      0.000
    Q47                2.841      0.025    112.274      0.000
    Q1                 1.943      0.028     70.437      0.000
    Q2A                1.505      0.028     53.342      0.000
    Q2B                2.322      0.033     69.906      0.000
    Q30A               2.426      0.024    100.987      0.000
    Q30B               1.855      0.024     78.774      0.000
    Q30E               1.952      0.024     81.002      0.000
    Q30F               2.226      0.026     84.246      0.000
    Q30C               1.932      0.024     79.502      0.000
    Q30D               1.706      0.021     79.866      0.000
    Q30G               2.244      0.025     88.074      0.000
    Q37                1.548      0.025     62.088      0.000

 Variances
    EDU                1.000      0.000    999.000    999.000
    GENDER             1.000      0.000    999.000    999.000
    PREDISPO           1.000      0.000    999.000    999.000
    EXPECTAT           1.000      0.000    999.000    999.000
    SATISFAC           1.000      0.000    999.000    999.000
    PAY                1.000      0.000    999.000    999.000

 Residual Variances
    EDUC               3.115      0.148     21.069      0.000
    Q9                 0.498      0.048     10.485      0.000
    Q23                2.410      0.309      7.810      0.000
    Q24                1.467      0.072     20.463      0.000
    Q4                 3.566      0.114     31.235      0.000
    Q44                1.731      0.218      7.950      0.000
    Q45                2.450      0.105     23.238      0.000
    Q46                1.447      0.059     24.491      0.000
    Q47                0.800      0.033     24.467      0.000
    Q1                 1.020      0.049     20.614      0.000
    Q2A                1.199      0.049     24.449      0.000
    Q2B                1.416      0.074     19.226      0.000
    Q30A               0.760      0.029     26.005      0.000
    Q30B               0.653      0.027     24.247      0.000
    Q30E               0.581      0.028     21.125      0.000
    Q30F               0.720      0.033     21.649      0.000
    Q30C               0.776      0.031     24.717      0.000
    Q30D               0.511      0.025     20.431      0.000
    Q30G               0.827      0.035     23.685      0.000
    Q37              999.000    999.000    999.000    999.000


R-SQUARE

    Observed                                        Two-Tailed
    Variable        Estimate       S.E.  Est./S.E.    P-Value

    EDUC               0.105      0.034      3.060      0.002
    Q9                 0.317      0.067      4.757      0.000
    Q23                0.371      0.082      4.537      0.000
    Q24                0.070      0.038      1.864      0.062
    Q4                 0.018      0.008      2.301      0.021
    Q44                0.509      0.062      8.233      0.000
    Q45                0.209      0.028      7.432      0.000
    Q46                0.039      0.016      2.451      0.014
    Q47                0.043      0.016      2.623      0.009
    Q1                 0.330      0.030     10.989      0.000
    Q2A                0.248      0.026      9.623      0.000
    Q2B                0.359      0.032     11.374      0.000
    Q30A               0.247      0.023     10.944      0.000
    Q30B               0.328      0.024     13.471      0.000
    Q30E               0.429      0.026     16.447      0.000
    Q30F               0.411      0.026     15.898      0.000
    Q30C               0.251      0.024     10.227      0.000
    Q30D               0.361      0.029     12.377      0.000
    Q30G               0.274      0.026     10.587      0.000
    Q37                1.000    999.000    999.000    999.000


QUALITY OF NUMERICAL RESULTS

     Condition Number for the Information Matrix              0.226E-04
       (ratio of smallest to largest eigenvalue)


MODEL MODIFICATION INDICES

NOTE:  Modification indices for direct effects of observed dependent variables
regressed on covariates may not be included.  To include these, request
MODINDICES (ALL).

Minimum M.I. value for printing the modification index    10.000

                            M.I.     E.P.C.  Std E.P.C.  StdYX E.P.C.

BY Statements

GENDER   BY EDUC           33.229    -1.389     -0.352       -0.189
GENDER   BY Q24            17.147     0.820      0.208        0.166
PREDISPO BY EDUC           23.944    -0.462     -0.328       -0.176
EXPECTAT BY Q30C           20.393     0.792      0.396        0.389
EXPECTAT BY Q30D           26.798    -0.945     -0.472       -0.528
SATISFAC BY Q30A           12.675    -0.517     -0.263       -0.262
PAY      BY Q30D           14.223     0.113      0.102        0.114
PAY      BY Q30G           23.950    -0.166     -0.150       -0.141

WITH Statements

Q24      WITH EDUC         24.957    -0.347     -0.347       -0.162
Q24      WITH Q23          10.596    -0.311     -0.311       -0.165
Q44      WITH EDUC         10.284    -0.235     -0.235       -0.101
Q45      WITH Q4           21.353    -0.351     -0.351       -0.119
Q45      WITH Q44          28.973     1.468      1.468        0.713
Q46      WITH Q44          12.595    -0.313     -0.313       -0.198
Q47      WITH Q23          10.700     0.169      0.169        0.122
Q47      WITH Q46          31.959     0.175      0.175        0.162
Q30A     WITH EDUC         22.117     0.188      0.188        0.122
Q30E     WITH Q30B         13.175     0.080      0.080        0.130
Q30F     WITH Q30A         12.621     0.084      0.084        0.114
Q30F     WITH Q30E         14.908    -0.102     -0.102       -0.157
Q30C     WITH Q2A          11.699     0.090      0.090        0.094
Q30C     WITH Q30E         10.907     0.067      0.067        0.100
Q30G     WITH Q30F         18.485     0.100      0.100        0.130
Q30G     WITH Q30D         19.122     0.111      0.111        0.171
Q37      WITH Q30G         18.954    -0.114     -0.114      999.000


DIAGRAM INFORMATION

  Use View Diagram under the Diagram menu in the Mplus Editor to view the diagram.
  If running Mplus from the Mplus Diagrammer, the diagram opens automatically.

  Diagram output
    c:\chao doc\skb\hui li\apr\cfa2.dgm

     Beginning Time:  17:42:49
        Ending Time:  17:42:49
       Elapsed Time:  00:00:00



MUTHEN & MUTHEN
3463 Stoner Ave.
Los Angeles, CA  90066

Tel: (310) 391-9971
Fax: (310) 391-8971
Web: www.StatModel.com
Support: Support@StatModel.com

Copyright (c) 1998-2012 Muthen & Muthen
