Mplus VERSION 7
MUTHEN & MUTHEN
04/26/2020   6:15 PM

INPUT INSTRUCTIONS

  title: Hui Project;

  data: file is Hui Project.dat;

  variable:
  names are
  educ q9  q20 q23 q24
  q4  q44 q45 q46 q47
  q1 q2a q2b
  q30a  q30b  q30e  q30f
  q2c q30c  q30d  q30g
  q37
  sex q43;

  Usevariables are
  educ q9  q23 q24
  q4  q44 q45 q46 q47
  q1 q2a q2b
  q30a  q30b  q30e  q30f
  q30c  q30d  q30g
  q37;

  MISSING ARE all (-99);

  analysis: type=general;

  model:

  EDU by educ q9  q23 q24;
  GENDER by q4  q44 q45 q46 q47;
  PREDISPO by q1 q2a q2b;
  EXPECTAT by q30a  q30b  q30e  q30f;
  SATISFAC by q30c  q30d  q30g;
  PAY by q37@1;q37@0;

  !EXPECTAT on EDU GENDER;
  !SATISFAC on GENDER PREDISPO;
  !PAY on EXPECTAT SATISFAC;

  PAY on EDU GENDER;
  SATISFAC on EXPECTAT PAY;
  EXPECTAT on PREDISPO;


  output:
  sampstat modindices standardized ;



INPUT READING TERMINATED NORMALLY



Hui Project;

SUMMARY OF ANALYSIS

Number of groups                                                 1
Number of observations                                        2002

Number of dependent variables                                   20
Number of independent variables                                  0
Number of continuous latent variables                            6

Observed dependent variables

  Continuous
   EDUC        Q9          Q23         Q24         Q4          Q44
   Q45         Q46         Q47         Q1          Q2A         Q2B
   Q30A        Q30B        Q30E        Q30F        Q30C        Q30D
   Q30G        Q37

Continuous latent variables
   EDU         GENDER      PREDISPO    EXPECTAT    SATISFAC    PAY


Estimator                                                       ML
Information matrix                                        OBSERVED
Maximum number of iterations                                  1000
Convergence criterion                                    0.500D-04
Maximum number of steepest descent iterations                   20
Maximum number of iterations for H1                           2000
Convergence criterion for H1                             0.100D-03

Input data file(s)
  Hui Project.dat

Input data format  FREE


SUMMARY OF DATA

     Number of missing data patterns            17


COVARIANCE COVERAGE OF DATA

Minimum covariance coverage value   0.100


     PROPORTION OF DATA PRESENT


           Covariance Coverage
              EDUC          Q9            Q23           Q24           Q4
              ________      ________      ________      ________      ________
 EDUC           1.000
 Q9             0.461         0.461
 Q23            0.674         0.349         0.674
 Q24            0.592         0.315         0.592         0.592
 Q4             1.000         0.461         0.674         0.592         1.000
 Q44            1.000         0.461         0.674         0.592         1.000
 Q45            1.000         0.461         0.674         0.592         1.000
 Q46            0.650         0.347         0.513         0.460         0.650
 Q47            0.650         0.347         0.513         0.460         0.650
 Q1             1.000         0.461         0.674         0.592         1.000
 Q2A            1.000         0.461         0.674         0.592         1.000
 Q2B            1.000         0.461         0.674         0.592         1.000
 Q30A           0.874         0.411         0.650         0.569         0.874
 Q30B           0.874         0.411         0.650         0.569         0.874
 Q30E           0.874         0.411         0.650         0.569         0.874
 Q30F           0.874         0.411         0.650         0.569         0.874
 Q30C           0.874         0.411         0.650         0.569         0.874
 Q30D           0.874         0.411         0.650         0.569         0.874
 Q30G           0.874         0.411         0.650         0.569         0.874
 Q37            0.650         0.347         0.513         0.460         0.650


           Covariance Coverage
              Q44           Q45           Q46           Q47           Q1
              ________      ________      ________      ________      ________
 Q44            1.000
 Q45            1.000         1.000
 Q46            0.650         0.650         0.650
 Q47            0.650         0.650         0.650         0.650
 Q1             1.000         1.000         0.650         0.650         1.000
 Q2A            1.000         1.000         0.650         0.650         1.000
 Q2B            1.000         1.000         0.650         0.650         1.000
 Q30A           0.874         0.874         0.650         0.650         0.874
 Q30B           0.874         0.874         0.650         0.650         0.874
 Q30E           0.874         0.874         0.650         0.650         0.874
 Q30F           0.874         0.874         0.650         0.650         0.874
 Q30C           0.874         0.874         0.650         0.650         0.874
 Q30D           0.874         0.874         0.650         0.650         0.874
 Q30G           0.874         0.874         0.650         0.650         0.874
 Q37            0.650         0.650         0.650         0.650         0.650


           Covariance Coverage
              Q2A           Q2B           Q30A          Q30B          Q30E
              ________      ________      ________      ________      ________
 Q2A            1.000
 Q2B            1.000         1.000
 Q30A           0.874         0.874         0.874
 Q30B           0.874         0.874         0.874         0.874
 Q30E           0.874         0.874         0.874         0.874         0.874
 Q30F           0.874         0.874         0.874         0.874         0.874
 Q30C           0.874         0.874         0.874         0.874         0.874
 Q30D           0.874         0.874         0.874         0.874         0.874
 Q30G           0.874         0.874         0.874         0.874         0.874
 Q37            0.650         0.650         0.650         0.650         0.650


           Covariance Coverage
              Q30F          Q30C          Q30D          Q30G          Q37
              ________      ________      ________      ________      ________
 Q30F           0.874
 Q30C           0.874         0.874
 Q30D           0.874         0.874         0.874
 Q30G           0.874         0.874         0.874         0.874
 Q37            0.650         0.650         0.650         0.650         0.650


SAMPLE STATISTICS


     ESTIMATED SAMPLE STATISTICS


           Means
              EDUC          Q9            Q23           Q24           Q4
              ________      ________      ________      ________      ________
      1         4.772         1.432         2.937         2.294         2.505


           Means
              Q44           Q45           Q46           Q47           Q1
              ________      ________      ________      ________      ________
      1         2.299         2.118         3.119         2.840         1.943


           Means
              Q2A           Q2B           Q30A          Q30B          Q30E
              ________      ________      ________      ________      ________
      1         1.505         2.322         2.424         1.857         1.952


           Means
              Q30F          Q30C          Q30D          Q30G          Q37
              ________      ________      ________      ________      ________
      1         2.227         1.935         1.708         2.244         1.550


           Covariances
              EDUC          Q9            Q23           Q24           Q4
              ________      ________      ________      ________      ________
 EDUC           3.480
 Q9            -0.288         0.745
 Q23           -0.625         0.587         3.832
 Q24           -0.050        -0.462        -0.681         1.696
 Q4            -0.114         0.090         0.289         0.096         3.631
 Q44           -0.486         0.051         0.273         0.186         0.383
 Q45           -0.397         0.010         0.122         0.109        -0.061
 Q46           -0.050         0.008         0.226         0.000         0.194
 Q47            0.029        -0.007         0.190         0.046         0.120
 Q1            -0.326         0.056         0.169        -0.121         0.139
 Q2A           -0.145         0.031         0.180        -0.104         0.102
 Q2B           -0.371         0.130         0.374        -0.184         0.215
 Q30A           0.176        -0.006         0.075         0.022         0.020
 Q30B          -0.034         0.010         0.108         0.016         0.028
 Q30E           0.024         0.012         0.144        -0.013         0.024
 Q30F           0.016         0.027         0.066         0.032         0.016
 Q30C          -0.036         0.036        -0.024         0.028         0.117
 Q30D          -0.150         0.004         0.173        -0.033         0.015
 Q30G          -0.078         0.067         0.098        -0.012        -0.040
 Q37           -0.130         0.075         0.176         0.033         0.051


           Covariances
              Q44           Q45           Q46           Q47           Q1
              ________      ________      ________      ________      ________
 Q44            3.524
 Q45            1.121         3.099
 Q46            0.242         0.189         1.514
 Q47            0.227         0.139         0.214         0.843
 Q1             0.300         0.172         0.100         0.012         1.523
 Q2A            0.296         0.212         0.073        -0.006         0.439
 Q2B            0.382         0.181         0.045        -0.004         0.634
 Q30A           0.016         0.042         0.059         0.085         0.028
 Q30B           0.116         0.015         0.038        -0.011         0.119
 Q30E           0.173         0.094         0.018         0.071         0.065
 Q30F           0.154         0.087         0.061         0.090         0.091
 Q30C           0.167         0.061        -0.001         0.043         0.073
 Q30D           0.230         0.109         0.131         0.105         0.108
 Q30G           0.127         0.029         0.080         0.056         0.042
 Q37            0.156         0.119         0.101         0.062         0.215


           Covariances
              Q2A           Q2B           Q30A          Q30B          Q30E
              ________      ________      ________      ________      ________
 Q2A            1.594
 Q2B            0.563         2.208
 Q30A           0.029         0.008         1.010
 Q30B           0.052         0.054         0.254         0.971
 Q30E           0.110         0.079         0.345         0.408         1.017
 Q30F           0.099         0.083         0.402         0.375         0.434
 Q30C           0.147         0.026         0.220         0.228         0.324
 Q30D           0.112         0.082         0.164         0.256         0.245
 Q30G          -0.003         0.067         0.188         0.235         0.273
 Q37            0.189         0.235         0.001         0.068         0.122


           Covariances
              Q30F          Q30C          Q30D          Q30G          Q37
              ________      ________      ________      ________      ________
 Q30F           1.223
 Q30C           0.322         1.035
 Q30D           0.289         0.256         0.800
 Q30G           0.387         0.245         0.341         1.138
 Q37            0.055         0.104         0.147        -0.006         0.822


           Correlations
              EDUC          Q9            Q23           Q24           Q4
              ________      ________      ________      ________      ________
 EDUC           1.000
 Q9            -0.179         1.000
 Q23           -0.171         0.348         1.000
 Q24           -0.021        -0.411        -0.267         1.000
 Q4            -0.032         0.055         0.078         0.039         1.000
 Q44           -0.139         0.031         0.074         0.076         0.107
 Q45           -0.121         0.007         0.035         0.047        -0.018
 Q46           -0.022         0.008         0.094         0.000         0.083
 Q47            0.017        -0.008         0.105         0.038         0.069
 Q1            -0.142         0.053         0.070        -0.075         0.059
 Q2A           -0.062         0.028         0.073        -0.063         0.043
 Q2B           -0.134         0.101         0.129        -0.095         0.076
 Q30A           0.094        -0.006         0.038         0.017         0.010
 Q30B          -0.019         0.011         0.056         0.013         0.015
 Q30E           0.013         0.014         0.073        -0.010         0.012
 Q30F           0.008         0.028         0.031         0.022         0.008
 Q30C          -0.019         0.040        -0.012         0.021         0.060
 Q30D          -0.090         0.005         0.099        -0.028         0.009
 Q30G          -0.039         0.073         0.047        -0.009        -0.020
 Q37           -0.077         0.096         0.099         0.028         0.030


           Correlations
              Q44           Q45           Q46           Q47           Q1
              ________      ________      ________      ________      ________
 Q44            1.000
 Q45            0.339         1.000
 Q46            0.105         0.087         1.000
 Q47            0.132         0.086         0.189         1.000
 Q1             0.129         0.079         0.066         0.011         1.000
 Q2A            0.125         0.096         0.047        -0.005         0.282
 Q2B            0.137         0.069         0.025        -0.003         0.346
 Q30A           0.008         0.024         0.047         0.092         0.023
 Q30B           0.062         0.009         0.032        -0.012         0.098
 Q30E           0.091         0.053         0.014         0.077         0.053
 Q30F           0.074         0.045         0.045         0.088         0.067
 Q30C           0.088         0.034         0.000         0.046         0.058
 Q30D           0.137         0.070         0.119         0.128         0.098
 Q30G           0.063         0.015         0.061         0.057         0.032
 Q37            0.092         0.074         0.090         0.074         0.192


           Correlations
              Q2A           Q2B           Q30A          Q30B          Q30E
              ________      ________      ________      ________      ________
 Q2A            1.000
 Q2B            0.300         1.000
 Q30A           0.022         0.006         1.000
 Q30B           0.041         0.037         0.257         1.000
 Q30E           0.087         0.053         0.340         0.411         1.000
 Q30F           0.071         0.050         0.361         0.344         0.389
 Q30C           0.115         0.017         0.215         0.227         0.316
 Q30D           0.099         0.062         0.183         0.290         0.272
 Q30G          -0.002         0.042         0.176         0.223         0.253
 Q37            0.165         0.175         0.001         0.076         0.133


           Correlations
              Q30F          Q30C          Q30D          Q30G          Q37
              ________      ________      ________      ________      ________
 Q30F           1.000
 Q30C           0.286         1.000
 Q30D           0.292         0.281         1.000
 Q30G           0.328         0.226         0.358         1.000
 Q37            0.055         0.112         0.181        -0.006         1.000


     MAXIMUM LOG-LIKELIHOOD VALUE FOR THE UNRESTRICTED (H1) MODEL IS  -53614.697


THE MODEL ESTIMATION TERMINATED NORMALLY



MODEL FIT INFORMATION

Number of Free Parameters                       67

Loglikelihood

          H0 Value                      -53896.940
          H1 Value                      -53614.697

Information Criteria

          Akaike (AIC)                  107927.881
          Bayesian (BIC)                108303.208
          Sample-Size Adjusted BIC      108090.345
            (n* = (n + 2) / 24)

Chi-Square Test of Model Fit

          Value                            564.487
          Degrees of Freedom                   163
          P-Value                           0.0000

RMSEA (Root Mean Square Error Of Approximation)

          Estimate                           0.035
          90 Percent C.I.                    0.032  0.038
          Probability RMSEA <= .05           1.000

CFI/TLI

          CFI                                0.885
          TLI                                0.866

Chi-Square Test of Model Fit for the Baseline Model

          Value                           3675.847
          Degrees of Freedom                   190
          P-Value                           0.0000

SRMR (Standardized Root Mean Square Residual)

          Value                              0.047



MODEL RESULTS

                                                    Two-Tailed
                    Estimate       S.E.  Est./S.E.    P-Value

 EDU      BY
    EDUC               1.000      0.000    999.000    999.000
    Q9                -0.742      0.152     -4.879      0.000
    Q23               -1.850      0.448     -4.132      0.000
    Q24                0.503      0.210      2.391      0.017

 GENDER   BY
    Q4                 1.000      0.000    999.000    999.000
    Q44                5.041      1.162      4.337      0.000
    Q45                3.251      0.777      4.186      0.000
    Q46                0.982      0.286      3.434      0.001
    Q47                0.740      0.213      3.469      0.001

 PREDISPO BY
    Q1                 1.000      0.000    999.000    999.000
    Q2A                0.891      0.070     12.745      0.000
    Q2B                1.270      0.097     13.078      0.000

 EXPECTAT BY
    Q30A               1.000      0.000    999.000    999.000
    Q30B               1.126      0.076     14.902      0.000
    Q30E               1.313      0.082     16.078      0.000
    Q30F               1.421      0.087     16.259      0.000

 SATISFAC BY
    Q30C               1.000      0.000    999.000    999.000
    Q30D               1.032      0.075     13.673      0.000
    Q30G               1.093      0.085     12.923      0.000

 PAY      BY
    Q37                1.000      0.000    999.000    999.000

 PAY      ON
    EDU               -0.291      0.082     -3.568      0.000
    GENDER             0.541      0.204      2.654      0.008

 SATISFAC ON
    EXPECTAT           0.812      0.068     11.929      0.000
    PAY                0.061      0.020      2.962      0.003

 EXPECTAT ON
    PREDISPO           0.133      0.027      4.929      0.000

 GENDER   WITH
    EDU               -0.036      0.015     -2.329      0.020

 PREDISPO WITH
    EDU               -0.171      0.045     -3.786      0.000
    GENDER             0.064      0.017      3.863      0.000

 Intercepts
    EDUC               4.772      0.042    114.453      0.000
    Q9                 1.429      0.036     40.249      0.000
    Q23                2.940      0.052     56.113      0.000
    Q24                2.334      0.041     56.639      0.000
    Q4                 2.505      0.043     58.835      0.000
    Q44                2.299      0.042     54.798      0.000
    Q45                2.118      0.039     53.840      0.000
    Q46                3.115      0.034     91.688      0.000
    Q47                2.841      0.025    112.273      0.000
    Q1                 1.943      0.028     70.437      0.000
    Q2A                1.505      0.028     53.342      0.000
    Q2B                2.322      0.033     69.906      0.000
    Q30A               2.425      0.024    100.966      0.000
    Q30B               1.854      0.024     78.749      0.000
    Q30E               1.951      0.024     80.976      0.000
    Q30F               2.225      0.026     84.221      0.000
    Q30C               1.931      0.024     79.543      0.000
    Q30D               1.705      0.021     79.926      0.000
    Q30G               2.243      0.025     88.127      0.000
    Q37                1.542      0.025     61.412      0.000

 Variances
    EDU                0.374      0.115      3.243      0.001
    GENDER             0.065      0.029      2.249      0.024
    PREDISPO           0.494      0.051      9.611      0.000

 Residual Variances
    EDUC               3.106      0.143     21.706      0.000
    Q9                 0.521      0.048     10.949      0.000
    Q23                2.534      0.285      8.892      0.000
    Q24                1.477      0.072     20.473      0.000
    Q4                 3.565      0.114     31.188      0.000
    Q44                1.869      0.199      9.389      0.000
    Q45                2.411      0.106     22.682      0.000
    Q46                1.444      0.059     24.450      0.000
    Q47                0.800      0.033     24.505      0.000
    Q1                 1.029      0.049     20.830      0.000
    Q2A                1.201      0.049     24.391      0.000
    Q2B                1.412      0.074     18.995      0.000
    Q30A               0.760      0.029     26.017      0.000
    Q30B               0.654      0.027     24.262      0.000
    Q30E               0.586      0.027     21.322      0.000
    Q30F               0.718      0.033     21.644      0.000
    Q30C               0.771      0.031     24.528      0.000
    Q30D               0.519      0.025     20.690      0.000
    Q30G               0.823      0.035     23.472      0.000
    Q37                0.000      0.000    999.000    999.000
    EXPECTAT           0.241      0.026      9.371      0.000
    SATISFAC           0.092      0.015      6.029      0.000
    PAY                0.754      0.032     23.233      0.000


STANDARDIZED MODEL RESULTS


STDYX Standardization

                                                    Two-Tailed
                    Estimate       S.E.  Est./S.E.    P-Value

 EDU      BY
    EDUC               0.328      0.050      6.582      0.000
    Q9                -0.532      0.061     -8.687      0.000
    Q23               -0.579      0.065     -8.909      0.000
    Q24                0.245      0.075      3.280      0.001

 GENDER   BY
    Q4                 0.134      0.030      4.533      0.000
    Q44                0.685      0.041     16.668      0.000
    Q45                0.471      0.031     15.325      0.000
    Q46                0.204      0.040      5.093      0.000
    Q47                0.207      0.039      5.265      0.000

 PREDISPO BY
    Q1                 0.570      0.026     21.721      0.000
    Q2A                0.496      0.026     19.070      0.000
    Q2B                0.601      0.027     22.608      0.000

 EXPECTAT BY
    Q30A               0.498      0.023     21.930      0.000
    Q30B               0.572      0.021     26.902      0.000
    Q30E               0.651      0.020     32.701      0.000
    Q30F               0.642      0.020     31.958      0.000

 SATISFAC BY
    Q30C               0.503      0.024     20.545      0.000
    Q30D               0.590      0.024     24.144      0.000
    Q30G               0.524      0.025     21.037      0.000

 PAY      BY
    Q37                1.000      0.000    999.000    999.000

 PAY      ON
    EDU               -0.197      0.053     -3.699      0.000
    GENDER             0.153      0.046      3.293      0.001

 SATISFAC ON
    EXPECTAT           0.795      0.029     27.608      0.000
    PAY                0.107      0.036      2.980      0.003

 EXPECTAT ON
    PREDISPO           0.187      0.036      5.252      0.000

 GENDER   WITH
    EDU               -0.231      0.061     -3.782      0.000

 PREDISPO WITH
    EDU               -0.399      0.061     -6.495      0.000
    GENDER             0.357      0.040      9.013      0.000

 Intercepts
    EDUC               2.558      0.046     55.377      0.000
    Q9                 1.676      0.051     33.059      0.000
    Q23                1.505      0.039     38.219      0.000
    Q24                1.862      0.056     33.526      0.000
    Q4                 1.315      0.031     43.088      0.000
    Q44                1.225      0.030     41.424      0.000
    Q45                1.203      0.029     41.005      0.000
    Q46                2.538      0.057     44.758      0.000
    Q47                3.107      0.067     46.586      0.000
    Q1                 1.574      0.033     47.072      0.000
    Q2A                1.192      0.029     40.784      0.000
    Q2B                1.562      0.033     46.913      0.000
    Q30A               2.413      0.047     51.024      0.000
    Q30B               1.882      0.040     47.277      0.000
    Q30E               1.935      0.041     47.744      0.000
    Q30F               2.012      0.042     48.385      0.000
    Q30C               1.901      0.040     47.514      0.000
    Q30D               1.910      0.040     47.609      0.000
    Q30G               2.106      0.043     49.174      0.000
    Q37                1.707      0.043     39.751      0.000

 Variances
    EDU                1.000      0.000    999.000    999.000
    GENDER             1.000      0.000    999.000    999.000
    PREDISPO           1.000      0.000    999.000    999.000

 Residual Variances
    EDUC               0.893      0.033     27.333      0.000
    Q9                 0.717      0.065     10.995      0.000
    Q23                0.664      0.075      8.817      0.000
    Q24                0.940      0.037     25.659      0.000
    Q4                 0.982      0.008    124.096      0.000
    Q44                0.530      0.056      9.414      0.000
    Q45                0.778      0.029     26.835      0.000
    Q46                0.958      0.016     58.595      0.000
    Q47                0.957      0.016     59.038      0.000
    Q1                 0.676      0.030     22.623      0.000
    Q2A                0.754      0.026     29.187      0.000
    Q2B                0.639      0.032     20.027      0.000
    Q30A               0.752      0.023     33.326      0.000
    Q30B               0.673      0.024     27.702      0.000
    Q30E               0.576      0.026     22.219      0.000
    Q30F               0.587      0.026     22.732      0.000
    Q30C               0.747      0.025     30.362      0.000
    Q30D               0.651      0.029     22.562      0.000
    Q30G               0.725      0.026     27.763      0.000
    Q37                0.000    999.000    999.000    999.000
    EXPECTAT           0.965      0.013     72.621      0.000
    SATISFAC           0.352      0.045      7.775      0.000
    PAY                0.924      0.023     40.785      0.000


STDY Standardization

                                                    Two-Tailed
                    Estimate       S.E.  Est./S.E.    P-Value

 EDU      BY
    EDUC               0.328      0.050      6.582      0.000
    Q9                -0.532      0.061     -8.687      0.000
    Q23               -0.579      0.065     -8.909      0.000
    Q24                0.245      0.075      3.280      0.001

 GENDER   BY
    Q4                 0.134      0.030      4.533      0.000
    Q44                0.685      0.041     16.668      0.000
    Q45                0.471      0.031     15.325      0.000
    Q46                0.204      0.040      5.093      0.000
    Q47                0.207      0.039      5.265      0.000

 PREDISPO BY
    Q1                 0.570      0.026     21.721      0.000
    Q2A                0.496      0.026     19.070      0.000
    Q2B                0.601      0.027     22.608      0.000

 EXPECTAT BY
    Q30A               0.498      0.023     21.930      0.000
    Q30B               0.572      0.021     26.902      0.000
    Q30E               0.651      0.020     32.701      0.000
    Q30F               0.642      0.020     31.958      0.000

 SATISFAC BY
    Q30C               0.503      0.024     20.545      0.000
    Q30D               0.590      0.024     24.144      0.000
    Q30G               0.524      0.025     21.037      0.000

 PAY      BY
    Q37                1.000      0.000    999.000    999.000

 PAY      ON
    EDU               -0.197      0.053     -3.699      0.000
    GENDER             0.153      0.046      3.293      0.001

 SATISFAC ON
    EXPECTAT           0.795      0.029     27.608      0.000
    PAY                0.107      0.036      2.980      0.003

 EXPECTAT ON
    PREDISPO           0.187      0.036      5.252      0.000

 GENDER   WITH
    EDU               -0.231      0.061     -3.782      0.000

 PREDISPO WITH
    EDU               -0.399      0.061     -6.495      0.000
    GENDER             0.357      0.040      9.013      0.000

 Intercepts
    EDUC               2.558      0.046     55.377      0.000
    Q9                 1.676      0.051     33.059      0.000
    Q23                1.505      0.039     38.219      0.000
    Q24                1.862      0.056     33.526      0.000
    Q4                 1.315      0.031     43.088      0.000
    Q44                1.225      0.030     41.424      0.000
    Q45                1.203      0.029     41.005      0.000
    Q46                2.538      0.057     44.758      0.000
    Q47                3.107      0.067     46.586      0.000
    Q1                 1.574      0.033     47.072      0.000
    Q2A                1.192      0.029     40.784      0.000
    Q2B                1.562      0.033     46.913      0.000
    Q30A               2.413      0.047     51.024      0.000
    Q30B               1.882      0.040     47.277      0.000
    Q30E               1.935      0.041     47.744      0.000
    Q30F               2.012      0.042     48.385      0.000
    Q30C               1.901      0.040     47.514      0.000
    Q30D               1.910      0.040     47.609      0.000
    Q30G               2.106      0.043     49.174      0.000
    Q37                1.707      0.043     39.751      0.000

 Variances
    EDU                1.000      0.000    999.000    999.000
    GENDER             1.000      0.000    999.000    999.000
    PREDISPO           1.000      0.000    999.000    999.000

 Residual Variances
    EDUC               0.893      0.033     27.333      0.000
    Q9                 0.717      0.065     10.995      0.000
    Q23                0.664      0.075      8.817      0.000
    Q24                0.940      0.037     25.659      0.000
    Q4                 0.982      0.008    124.096      0.000
    Q44                0.530      0.056      9.414      0.000
    Q45                0.778      0.029     26.835      0.000
    Q46                0.958      0.016     58.595      0.000
    Q47                0.957      0.016     59.038      0.000
    Q1                 0.676      0.030     22.623      0.000
    Q2A                0.754      0.026     29.187      0.000
    Q2B                0.639      0.032     20.027      0.000
    Q30A               0.752      0.023     33.326      0.000
    Q30B               0.673      0.024     27.702      0.000
    Q30E               0.576      0.026     22.219      0.000
    Q30F               0.587      0.026     22.732      0.000
    Q30C               0.747      0.025     30.362      0.000
    Q30D               0.651      0.029     22.562      0.000
    Q30G               0.725      0.026     27.763      0.000
    Q37              999.000    999.000    999.000    999.000
    EXPECTAT           0.965      0.013     72.621      0.000
    SATISFAC           0.352      0.045      7.775      0.000
    PAY                0.924      0.023     40.785      0.000


STD Standardization

                                                    Two-Tailed
                    Estimate       S.E.  Est./S.E.    P-Value

 EDU      BY
    EDUC               0.612      0.094      6.485      0.000
    Q9                -0.454      0.056     -8.103      0.000
    Q23               -1.131      0.133     -8.503      0.000
    Q24                0.307      0.096      3.208      0.001

 GENDER   BY
    Q4                 0.255      0.057      4.499      0.000
    Q44                1.286      0.083     15.591      0.000
    Q45                0.830      0.058     14.291      0.000
    Q46                0.251      0.050      5.007      0.000
    Q47                0.189      0.037      5.170      0.000

 PREDISPO BY
    Q1                 0.703      0.037     19.221      0.000
    Q2A                0.626      0.036     17.211      0.000
    Q2B                0.893      0.045     19.899      0.000

 EXPECTAT BY
    Q30A               0.500      0.026     18.915      0.000
    Q30B               0.563      0.026     22.075      0.000
    Q30E               0.657      0.026     25.400      0.000
    Q30F               0.711      0.028     24.997      0.000

 SATISFAC BY
    Q30C               0.511      0.028     18.053      0.000
    Q30D               0.527      0.026     20.595      0.000
    Q30G               0.558      0.030     18.401      0.000

 PAY      BY
    Q37                0.903      0.018     50.511      0.000

 PAY      ON
    EDU               -0.197      0.053     -3.699      0.000
    GENDER             0.153      0.046      3.293      0.001

 SATISFAC ON
    EXPECTAT           0.795      0.029     27.608      0.000
    PAY                0.107      0.036      2.980      0.003

 EXPECTAT ON
    PREDISPO           0.187      0.036      5.252      0.000

 GENDER   WITH
    EDU               -0.231      0.061     -3.782      0.000

 PREDISPO WITH
    EDU               -0.399      0.061     -6.495      0.000
    GENDER             0.357      0.040      9.013      0.000

 Intercepts
    EDUC               4.772      0.042    114.453      0.000
    Q9                 1.429      0.036     40.249      0.000
    Q23                2.940      0.052     56.113      0.000
    Q24                2.334      0.041     56.639      0.000
    Q4                 2.505      0.043     58.835      0.000
    Q44                2.299      0.042     54.798      0.000
    Q45                2.118      0.039     53.840      0.000
    Q46                3.115      0.034     91.688      0.000
    Q47                2.841      0.025    112.273      0.000
    Q1                 1.943      0.028     70.437      0.000
    Q2A                1.505      0.028     53.342      0.000
    Q2B                2.322      0.033     69.906      0.000
    Q30A               2.425      0.024    100.966      0.000
    Q30B               1.854      0.024     78.749      0.000
    Q30E               1.951      0.024     80.976      0.000
    Q30F               2.225      0.026     84.221      0.000
    Q30C               1.931      0.024     79.543      0.000
    Q30D               1.705      0.021     79.926      0.000
    Q30G               2.243      0.025     88.127      0.000
    Q37                1.542      0.025     61.412      0.000

 Variances
    EDU                1.000      0.000    999.000    999.000
    GENDER             1.000      0.000    999.000    999.000
    PREDISPO           1.000      0.000    999.000    999.000

 Residual Variances
    EDUC               3.106      0.143     21.706      0.000
    Q9                 0.521      0.048     10.949      0.000
    Q23                2.534      0.285      8.892      0.000
    Q24                1.477      0.072     20.473      0.000
    Q4                 3.565      0.114     31.188      0.000
    Q44                1.869      0.199      9.389      0.000
    Q45                2.411      0.106     22.682      0.000
    Q46                1.444      0.059     24.450      0.000
    Q47                0.800      0.033     24.505      0.000
    Q1                 1.029      0.049     20.830      0.000
    Q2A                1.201      0.049     24.391      0.000
    Q2B                1.412      0.074     18.995      0.000
    Q30A               0.760      0.029     26.017      0.000
    Q30B               0.654      0.027     24.262      0.000
    Q30E               0.586      0.027     21.322      0.000
    Q30F               0.718      0.033     21.644      0.000
    Q30C               0.771      0.031     24.528      0.000
    Q30D               0.519      0.025     20.690      0.000
    Q30G               0.823      0.035     23.472      0.000
    Q37              999.000    999.000    999.000    999.000
    EXPECTAT           0.965      0.013     72.621      0.000
    SATISFAC           0.352      0.045      7.775      0.000
    PAY                0.924      0.023     40.785      0.000


R-SQUARE

    Observed                                        Two-Tailed
    Variable        Estimate       S.E.  Est./S.E.    P-Value

    EDUC               0.107      0.033      3.291      0.001
    Q9                 0.283      0.065      4.344      0.000
    Q23                0.336      0.075      4.455      0.000
    Q24                0.060      0.037      1.640      0.101
    Q4                 0.018      0.008      2.266      0.023
    Q44                0.470      0.056      8.334      0.000
    Q45                0.222      0.029      7.663      0.000
    Q46                0.042      0.016      2.547      0.011
    Q47                0.043      0.016      2.633      0.008
    Q1                 0.324      0.030     10.861      0.000
    Q2A                0.246      0.026      9.535      0.000
    Q2B                0.361      0.032     11.304      0.000
    Q30A               0.248      0.023     10.965      0.000
    Q30B               0.327      0.024     13.451      0.000
    Q30E               0.424      0.026     16.351      0.000
    Q30F               0.413      0.026     15.979      0.000
    Q30C               0.253      0.025     10.272      0.000
    Q30D               0.349      0.029     12.072      0.000
    Q30G               0.275      0.026     10.518      0.000
    Q37                1.000    999.000    999.000    999.000

     Latent                                         Two-Tailed
    Variable        Estimate       S.E.  Est./S.E.    P-Value

    EXPECTAT           0.035      0.013      2.626      0.009
    SATISFAC           0.648      0.045     14.289      0.000
    PAY                0.076      0.023      3.363      0.001


QUALITY OF NUMERICAL RESULTS

     Condition Number for the Information Matrix              0.241E-04
       (ratio of smallest to largest eigenvalue)


MODEL MODIFICATION INDICES

NOTE:  Modification indices for direct effects of observed dependent variables
regressed on covariates may not be included.  To include these, request
MODINDICES (ALL).

Minimum M.I. value for printing the modification index    10.000

                            M.I.     E.P.C.  Std E.P.C.  StdYX E.P.C.

BY Statements

EDU      BY Q30D           15.761    -0.190     -0.116       -0.130
GENDER   BY EDUC           32.709    -1.440     -0.367       -0.197
GENDER   BY Q24            17.076     0.840      0.214        0.171
GENDER   BY Q30D           20.734     0.454      0.116        0.130
GENDER   BY Q37            13.600    -4.664     -1.190       -1.318
PREDISPO BY EDUC           18.135    -0.446     -0.314       -0.168
PREDISPO BY Q9             10.679    -0.233     -0.164       -0.192
PREDISPO BY Q23            10.011    -0.518     -0.364       -0.186
PREDISPO BY Q37            32.560     0.344      0.241        0.267
EXPECTAT BY Q30C           15.433     0.728      0.364        0.359
EXPECTAT BY Q30D           20.985    -0.886     -0.443       -0.496
SATISFAC BY Q30A           10.029    -0.469     -0.240       -0.238
PAY      BY Q44            11.546    -0.276     -0.250       -0.133
PAY      BY Q30E           14.157     0.100      0.090        0.089
PAY      BY Q30D           14.085     0.110      0.100        0.112
PAY      BY Q30G           22.708    -0.160     -0.144       -0.135

ON/BY Statements

EDU      ON PAY      /
PAY      BY EDU            35.648     0.473      0.698        0.698
GENDER   ON EXPECTAT /
EXPECTAT BY GENDER         11.785     0.067      0.130        0.130
GENDER   ON SATISFAC /
SATISFAC BY GENDER         15.425     0.078      0.157        0.157
GENDER   ON PAY      /
PAY      BY GENDER         35.664    -0.236     -0.836       -0.836
PREDISPO ON PAY      /
PAY      BY PREDISPO       35.667     0.182      0.234        0.234
EXPECTAT ON GENDER   /
GENDER   BY EXPECTAT       12.239     0.289      0.147        0.147
SATISFAC ON GENDER   /
GENDER   BY SATISFAC       13.607     0.283      0.141        0.141
PAY      ON PREDISPO /
PREDISPO BY PAY            35.669     0.362      0.282        0.282

WITH Statements

Q24      WITH EDUC         23.721    -0.338     -0.338       -0.158
Q24      WITH Q23          12.325    -0.315     -0.315       -0.163
Q44      WITH EDUC         11.281    -0.248     -0.248       -0.103
Q45      WITH Q4           23.856    -0.376     -0.376       -0.128
Q45      WITH Q44          37.034     1.557      1.557        0.734
Q47      WITH Q23          10.607     0.169      0.169        0.119
Q47      WITH Q46          31.689     0.174      0.174        0.162
Q30A     WITH EDUC         22.572     0.189      0.189        0.123
Q30E     WITH Q30B         14.519     0.084      0.084        0.135
Q30F     WITH Q30A         12.214     0.083      0.083        0.112
Q30F     WITH Q30E         13.301    -0.096     -0.096       -0.148
Q30C     WITH Q2A          11.749     0.090      0.090        0.093
Q30C     WITH Q30E         10.968     0.067      0.067        0.100
Q30D     WITH EDUC         10.611    -0.113     -0.113       -0.089
Q30G     WITH Q30F         16.808     0.096      0.096        0.125
Q30G     WITH Q30D         21.094     0.117      0.117        0.180
Q37      WITH Q44          13.546    -0.224     -0.224      999.000
Q37      WITH Q30E         13.497     0.078      0.078      999.000
Q37      WITH Q30G         24.387    -0.131     -0.131      999.000
EXPECTAT WITH GENDER       11.785     0.016      0.128        0.128
SATISFAC WITH GENDER       10.555     0.016      0.203        0.203
PAY      WITH EDU          35.645     0.356      0.671        0.671
PAY      WITH GENDER       35.667    -0.178     -0.804       -0.804
PAY      WITH PREDISPO     35.665     0.137      0.225        0.225
PAY      WITH SATISFAC     15.274    -0.247     -0.937       -0.937

Variances/Residual Variances

Q37                        15.230     4.060      4.060        4.974


DIAGRAM INFORMATION

  Use View Diagram under the Diagram menu in the Mplus Editor to view the diagram.
  If running Mplus from the Mplus Diagrammer, the diagram opens automatically.

  Diagram output
    c:\chao doc\skb\hui li\apr\sem0.dgm

     Beginning Time:  18:15:15
        Ending Time:  18:15:16
       Elapsed Time:  00:00:01



MUTHEN & MUTHEN
3463 Stoner Ave.
Los Angeles, CA  90066

Tel: (310) 391-9971
Fax: (310) 391-8971
Web: www.StatModel.com
Support: Support@StatModel.com

Copyright (c) 1998-2012 Muthen & Muthen
